The target system is: iOS -  - 
The host system is: Darwin - 21.6.0 - x86_64
Compiling the C compiler identification source file "CMakeCCompilerId.c" succeeded.
Compiler:  
Build flags: 
Id flags:  

The output was:
0
Command line invocation:
    /Applications/Xcode.app/Contents/Developer/usr/bin/xcodebuild

User defaults from command line:
    IDEPackageSupportUseBuiltinSCM = YES

Computing target dependency graph and provisioning inputs

Create build description
Build description signature: cc975fcc821129d6ceb7f928547c7b82
Build description path: /Users/andrewadmin/Projects/bingo/bingo_road/build_ios/CMakeFiles/3.25.2/CompilerIdC/./XCBuildData/cc975fcc821129d6ceb7f928547c7b82-desc.xcbuild

warning: Building targets in manual order is deprecated - check "Parallelize build for command-line builds" in the project editor, or set DISABLE_MANUAL_TARGET_ORDER_BUILD_WARNING in any of the targets in the current build to suppress this warning
CreateBuildDirectory /Users/andrewadmin/Projects/bingo/bingo_road/build_ios/CMakeFiles/3.25.2/CompilerIdC
    cd /Users/andrewadmin/Projects/bingo/bingo_road/build_ios/CMakeFiles/3.25.2/CompilerIdC/CompilerIdC.xcodeproj
    builtin-create-build-directory /Users/andrewadmin/Projects/bingo/bingo_road/build_ios/CMakeFiles/3.25.2/CompilerIdC

CreateBuildDirectory /Users/andrewadmin/Projects/bingo/bingo_road/build_ios/CMakeFiles/3.25.2/CompilerIdC/EagerLinkingTBDs
    cd /Users/andrewadmin/Projects/bingo/bingo_road/build_ios/CMakeFiles/3.25.2/CompilerIdC/CompilerIdC.xcodeproj
    builtin-create-build-directory /Users/andrewadmin/Projects/bingo/bingo_road/build_ios/CMakeFiles/3.25.2/CompilerIdC/EagerLinkingTBDs

warning: Traditional headermap style is no longer supported; please migrate to using separate headermaps and set 'ALWAYS_SEARCH_USER_PATHS' to NO. (in target 'CompilerIdC' from project 'CompilerIdC')
note: Run script build phase 'Run Script' will be run during every build because the option to run the script phase "Based on dependency analysis" is unchecked. (in target 'CompilerIdC' from project 'CompilerIdC')
MkDir /Users/andrewadmin/Projects/bingo/bingo_road/build_ios/CMakeFiles/3.25.2/CompilerIdC/CompilerIdC.xctest (in target 'CompilerIdC' from project 'CompilerIdC')
    cd /Users/andrewadmin/Projects/bingo/bingo_road/build_ios/CMakeFiles/3.25.2/CompilerIdC
    /bin/mkdir -p /Users/andrewadmin/Projects/bingo/bingo_road/build_ios/CMakeFiles/3.25.2/CompilerIdC/CompilerIdC.xctest

WriteAuxiliaryFile /Users/andrewadmin/Projects/bingo/bingo_road/build_ios/CMakeFiles/3.25.2/CompilerIdC/CompilerIdC.build/Debug-iphoneos/CompilerIdC.build/all-product-headers.yaml (in target 'CompilerIdC' from project 'CompilerIdC')
    cd /Users/andrewadmin/Projects/bingo/bingo_road/build_ios/CMakeFiles/3.25.2/CompilerIdC
    write-file /Users/andrewadmin/Projects/bingo/bingo_road/build_ios/CMakeFiles/3.25.2/CompilerIdC/CompilerIdC.build/Debug-iphoneos/CompilerIdC.build/all-product-headers.yaml

WriteAuxiliaryFile /Users/andrewadmin/Projects/bingo/bingo_road/build_ios/CMakeFiles/3.25.2/CompilerIdC/CompilerIdC.build/Debug-iphoneos/CompilerIdC.build/CompilerIdC.hmap (in target 'CompilerIdC' from project 'CompilerIdC')
    cd /Users/andrewadmin/Projects/bingo/bingo_road/build_ios/CMakeFiles/3.25.2/CompilerIdC
    write-file /Users/andrewadmin/Projects/bingo/bingo_road/build_ios/CMakeFiles/3.25.2/CompilerIdC/CompilerIdC.build/Debug-iphoneos/CompilerIdC.build/CompilerIdC.hmap

WriteAuxiliaryFile /Users/andrewadmin/Projects/bingo/bingo_road/build_ios/CMakeFiles/3.25.2/CompilerIdC/CompilerIdC.build/Debug-iphoneos/CompilerIdC.build/CompilerIdC-project-headers.hmap (in target 'CompilerIdC' from project 'CompilerIdC')
    cd /Users/andrewadmin/Projects/bingo/bingo_road/build_ios/CMakeFiles/3.25.2/CompilerIdC
    write-file /Users/andrewadmin/Projects/bingo/bingo_road/build_ios/CMakeFiles/3.25.2/CompilerIdC/CompilerIdC.build/Debug-iphoneos/CompilerIdC.build/CompilerIdC-project-headers.hmap

WriteAuxiliaryFile /Users/andrewadmin/Projects/bingo/bingo_road/build_ios/CMakeFiles/3.25.2/CompilerIdC/CompilerIdC.build/Debug-iphoneos/CompilerIdC.build/CompilerIdC-all-target-headers.hmap (in target 'CompilerIdC' from project 'CompilerIdC')
    cd /Users/andrewadmin/Projects/bingo/bingo_road/build_ios/CMakeFiles/3.25.2/CompilerIdC
    write-file /Users/andrewadmin/Projects/bingo/bingo_road/build_ios/CMakeFiles/3.25.2/CompilerIdC/CompilerIdC.build/Debug-iphoneos/CompilerIdC.build/CompilerIdC-all-target-headers.hmap

WriteAuxiliaryFile /Users/andrewadmin/Projects/bingo/bingo_road/build_ios/CMakeFiles/3.25.2/CompilerIdC/CompilerIdC.build/Debug-iphoneos/CompilerIdC.build/CompilerIdC-own-target-headers.hmap (in target 'CompilerIdC' from project 'CompilerIdC')
    cd /Users/andrewadmin/Projects/bingo/bingo_road/build_ios/CMakeFiles/3.25.2/CompilerIdC
    write-file /Users/andrewadmin/Projects/bingo/bingo_road/build_ios/CMakeFiles/3.25.2/CompilerIdC/CompilerIdC.build/Debug-iphoneos/CompilerIdC.build/CompilerIdC-own-target-headers.hmap

WriteAuxiliaryFile /Users/andrewadmin/Projects/bingo/bingo_road/build_ios/CMakeFiles/3.25.2/CompilerIdC/CompilerIdC.build/Debug-iphoneos/CompilerIdC.build/CompilerIdC-all-non-framework-target-headers.hmap (in target 'CompilerIdC' from project 'CompilerIdC')
    cd /Users/andrewadmin/Projects/bingo/bingo_road/build_ios/CMakeFiles/3.25.2/CompilerIdC
    write-file /Users/andrewadmin/Projects/bingo/bingo_road/build_ios/CMakeFiles/3.25.2/CompilerIdC/CompilerIdC.build/Debug-iphoneos/CompilerIdC.build/CompilerIdC-all-non-framework-target-headers.hmap

WriteAuxiliaryFile /Users/andrewadmin/Projects/bingo/bingo_road/build_ios/CMakeFiles/3.25.2/CompilerIdC/CompilerIdC.build/Debug-iphoneos/CompilerIdC.build/CompilerIdC-generated-files.hmap (in target 'CompilerIdC' from project 'CompilerIdC')
    cd /Users/andrewadmin/Projects/bingo/bingo_road/build_ios/CMakeFiles/3.25.2/CompilerIdC
    write-file /Users/andrewadmin/Projects/bingo/bingo_road/build_ios/CMakeFiles/3.25.2/CompilerIdC/CompilerIdC.build/Debug-iphoneos/CompilerIdC.build/CompilerIdC-generated-files.hmap

WriteAuxiliaryFile /Users/andrewadmin/Projects/bingo/bingo_road/build_ios/CMakeFiles/3.25.2/CompilerIdC/CompilerIdC.build/Debug-iphoneos/CompilerIdC.build/empty-CompilerIdC.plist (in target 'CompilerIdC' from project 'CompilerIdC')
    cd /Users/andrewadmin/Projects/bingo/bingo_road/build_ios/CMakeFiles/3.25.2/CompilerIdC
    write-file /Users/andrewadmin/Projects/bingo/bingo_road/build_ios/CMakeFiles/3.25.2/CompilerIdC/CompilerIdC.build/Debug-iphoneos/CompilerIdC.build/empty-CompilerIdC.plist

CompileC /Users/andrewadmin/Projects/bingo/bingo_road/build_ios/CMakeFiles/3.25.2/CompilerIdC/CompilerIdC.build/Debug-iphoneos/CompilerIdC.build/Objects-normal/arm64/CMakeCCompilerId.o /Users/andrewadmin/Projects/bingo/bingo_road/build_ios/CMakeFiles/3.25.2/CompilerIdC/CMakeCCompilerId.c normal arm64 c com.apple.compilers.llvm.clang.1_0.compiler (in target 'CompilerIdC' from project 'CompilerIdC')
    cd /Users/andrewadmin/Projects/bingo/bingo_road/build_ios/CMakeFiles/3.25.2/CompilerIdC
    /Applications/Xcode.app/Contents/Developer/Toolchains/XcodeDefault.xctoolchain/usr/bin/clang -x c -target arm64-apple-ios16.1 -fmessage-length\=0 -fdiagnostics-show-note-include-stack -fmacro-backtrace-limit\=0 -Wno-trigraphs -fpascal-strings -Os -Wno-missing-field-initializers -Wno-missing-prototypes -Wno-return-type -Wno-missing-braces -Wparentheses -Wswitch -Wno-unused-function -Wno-unused-label -Wno-unused-parameter -Wno-unused-variable -Wunused-value -Wno-empty-body -Wno-uninitialized -Wno-unknown-pragmas -Wno-shadow -Wno-four-char-constants -Wno-conversion -Wno-constant-conversion -Wno-int-conversion -Wno-bool-conversion -Wno-enum-conversion -Wno-float-conversion -Wno-non-literal-null-conversion -Wno-objc-literal-conversion -Wshorten-64-to-32 -Wpointer-sign -Wno-newline-eof -Wno-implicit-fallthrough -isysroot /Applications/Xcode.app/Contents/Developer/Platforms/iPhoneOS.platform/Developer/SDKs/iPhoneOS16.1.sdk -fstrict-aliasing -Wdeprecated-declarations -g -Wno-sign-conversion -Wno-infinite-recursion -Wno-comma -Wno-block-capture-autoreleasing -Wno-strict-prototypes -Wno-semicolon-before-method-body -iquote /Users/andrewadmin/Projects/bingo/bingo_road/build_ios/CMakeFiles/3.25.2/CompilerIdC/CompilerIdC.build/Debug-iphoneos/CompilerIdC.build/CompilerIdC-generated-files.hmap -I/Users/andrewadmin/Projects/bingo/bingo_road/build_ios/CMakeFiles/3.25.2/CompilerIdC/CompilerIdC.build/Debug-iphoneos/CompilerIdC.build/CompilerIdC-own-target-headers.hmap -I/Users/andrewadmin/Projects/bingo/bingo_road/build_ios/CMakeFiles/3.25.2/CompilerIdC/CompilerIdC.build/Debug-iphoneos/CompilerIdC.build/CompilerIdC-all-target-headers.hmap -iquote /Users/andrewadmin/Projects/bingo/bingo_road/build_ios/CMakeFiles/3.25.2/CompilerIdC/CompilerIdC.build/Debug-iphoneos/CompilerIdC.build/CompilerIdC-project-headers.hmap -I/Users/andrewadmin/Projects/bingo/bingo_road/build_ios/CMakeFiles/3.25.2/CompilerIdC/include -I/Users/andrewadmin/Projects/bingo/bingo_road/build_ios/CMakeFiles/3.25.2/CompilerIdC/CompilerIdC.build/Debug-iphoneos/CompilerIdC.build/DerivedSources-normal/arm64 -I/Users/andrewadmin/Projects/bingo/bingo_road/build_ios/CMakeFiles/3.25.2/CompilerIdC/CompilerIdC.build/Debug-iphoneos/CompilerIdC.build/DerivedSources/arm64 -I/Users/andrewadmin/Projects/bingo/bingo_road/build_ios/CMakeFiles/3.25.2/CompilerIdC/CompilerIdC.build/Debug-iphoneos/CompilerIdC.build/DerivedSources -F/Users/andrewadmin/Projects/bingo/bingo_road/build_ios/CMakeFiles/3.25.2/CompilerIdC -iframework /Applications/Xcode.app/Contents/Developer/Platforms/iPhoneOS.platform/Developer/Library/Frameworks -iframework /Applications/Xcode.app/Contents/Developer/Platforms/iPhoneOS.platform/Developer/SDKs/iPhoneOS16.1.sdk/Developer/Library/Frameworks -MMD -MT dependencies -MF /Users/andrewadmin/Projects/bingo/bingo_road/build_ios/CMakeFiles/3.25.2/CompilerIdC/CompilerIdC.build/Debug-iphoneos/CompilerIdC.build/Objects-normal/arm64/CMakeCCompilerId.d --serialize-diagnostics /Users/andrewadmin/Projects/bingo/bingo_road/build_ios/CMakeFiles/3.25.2/CompilerIdC/CompilerIdC.build/Debug-iphoneos/CompilerIdC.build/Objects-normal/arm64/CMakeCCompilerId.dia -c /Users/andrewadmin/Projects/bingo/bingo_road/build_ios/CMakeFiles/3.25.2/CompilerIdC/CMakeCCompilerId.c -o /Users/andrewadmin/Projects/bingo/bingo_road/build_ios/CMakeFiles/3.25.2/CompilerIdC/CompilerIdC.build/Debug-iphoneos/CompilerIdC.build/Objects-normal/arm64/CMakeCCompilerId.o

WriteAuxiliaryFile /Users/andrewadmin/Projects/bingo/bingo_road/build_ios/CMakeFiles/3.25.2/CompilerIdC/CompilerIdC.build/Debug-iphoneos/CompilerIdC.build/Objects-normal/arm64/CompilerIdC.LinkFileList (in target 'CompilerIdC' from project 'CompilerIdC')
    cd /Users/andrewadmin/Projects/bingo/bingo_road/build_ios/CMakeFiles/3.25.2/CompilerIdC
    write-file /Users/andrewadmin/Projects/bingo/bingo_road/build_ios/CMakeFiles/3.25.2/CompilerIdC/CompilerIdC.build/Debug-iphoneos/CompilerIdC.build/Objects-normal/arm64/CompilerIdC.LinkFileList

ProcessInfoPlistFile /Users/andrewadmin/Projects/bingo/bingo_road/build_ios/CMakeFiles/3.25.2/CompilerIdC/CompilerIdC.xctest/Info.plist /Users/andrewadmin/Projects/bingo/bingo_road/build_ios/CMakeFiles/3.25.2/CompilerIdC/CompilerIdC.build/Debug-iphoneos/CompilerIdC.build/empty-CompilerIdC.plist (in target 'CompilerIdC' from project 'CompilerIdC')
    cd /Users/andrewadmin/Projects/bingo/bingo_road/build_ios/CMakeFiles/3.25.2/CompilerIdC
    builtin-infoPlistUtility /Users/andrewadmin/Projects/bingo/bingo_road/build_ios/CMakeFiles/3.25.2/CompilerIdC/CompilerIdC.build/Debug-iphoneos/CompilerIdC.build/empty-CompilerIdC.plist -producttype com.apple.product-type.bundle.unit-test -expandbuildsettings -format binary -platform iphoneos -requiredArchitecture arm64 -o /Users/andrewadmin/Projects/bingo/bingo_road/build_ios/CMakeFiles/3.25.2/CompilerIdC/CompilerIdC.xctest/Info.plist

Ld /Users/andrewadmin/Projects/bingo/bingo_road/build_ios/CMakeFiles/3.25.2/CompilerIdC/CompilerIdC.xctest/CompilerIdC normal (in target 'CompilerIdC' from project 'CompilerIdC')
    cd /Users/andrewadmin/Projects/bingo/bingo_road/build_ios/CMakeFiles/3.25.2/CompilerIdC
    /Applications/Xcode.app/Contents/Developer/Toolchains/XcodeDefault.xctoolchain/usr/bin/clang -target arm64-apple-ios16.1 -bundle -isysroot /Applications/Xcode.app/Contents/Developer/Platforms/iPhoneOS.platform/Developer/SDKs/iPhoneOS16.1.sdk -L/Users/andrewadmin/Projects/bingo/bingo_road/build_ios/CMakeFiles/3.25.2/CompilerIdC/EagerLinkingTBDs -L/Users/andrewadmin/Projects/bingo/bingo_road/build_ios/CMakeFiles/3.25.2/CompilerIdC -L/Applications/Xcode.app/Contents/Developer/Platforms/iPhoneOS.platform/Developer/usr/lib -F/Users/andrewadmin/Projects/bingo/bingo_road/build_ios/CMakeFiles/3.25.2/CompilerIdC/EagerLinkingTBDs -F/Users/andrewadmin/Projects/bingo/bingo_road/build_ios/CMakeFiles/3.25.2/CompilerIdC -iframework /Applications/Xcode.app/Contents/Developer/Platforms/iPhoneOS.platform/Developer/Library/Frameworks -iframework /Applications/Xcode.app/Contents/Developer/Platforms/iPhoneOS.platform/Developer/SDKs/iPhoneOS16.1.sdk/Developer/Library/Frameworks -filelist /Users/andrewadmin/Projects/bingo/bingo_road/build_ios/CMakeFiles/3.25.2/CompilerIdC/CompilerIdC.build/Debug-iphoneos/CompilerIdC.build/Objects-normal/arm64/CompilerIdC.LinkFileList -Xlinker -rpath -Xlinker @loader_path/Frameworks -dead_strip -Xlinker -object_path_lto -Xlinker /Users/andrewadmin/Projects/bingo/bingo_road/build_ios/CMakeFiles/3.25.2/CompilerIdC/CompilerIdC.build/Debug-iphoneos/CompilerIdC.build/Objects-normal/arm64/CompilerIdC_lto.o -framework XCTest -Xlinker -dependency_info -Xlinker /Users/andrewadmin/Projects/bingo/bingo_road/build_ios/CMakeFiles/3.25.2/CompilerIdC/CompilerIdC.build/Debug-iphoneos/CompilerIdC.build/Objects-normal/arm64/CompilerIdC_dependency_info.dat -o /Users/andrewadmin/Projects/bingo/bingo_road/build_ios/CMakeFiles/3.25.2/CompilerIdC/CompilerIdC.xctest/CompilerIdC

WriteAuxiliaryFile /Users/andrewadmin/Projects/bingo/bingo_road/build_ios/CMakeFiles/3.25.2/CompilerIdC/CompilerIdC.build/Debug-iphoneos/CompilerIdC.build/Script-2C8FEB8E15DC1A1A00E56A5D.sh (in target 'CompilerIdC' from project 'CompilerIdC')
    cd /Users/andrewadmin/Projects/bingo/bingo_road/build_ios/CMakeFiles/3.25.2/CompilerIdC
    write-file /Users/andrewadmin/Projects/bingo/bingo_road/build_ios/CMakeFiles/3.25.2/CompilerIdC/CompilerIdC.build/Debug-iphoneos/CompilerIdC.build/Script-2C8FEB8E15DC1A1A00E56A5D.sh

GenerateDSYMFile /Users/andrewadmin/Projects/bingo/bingo_road/build_ios/CMakeFiles/3.25.2/CompilerIdC/CompilerIdC.xctest.dSYM /Users/andrewadmin/Projects/bingo/bingo_road/build_ios/CMakeFiles/3.25.2/CompilerIdC/CompilerIdC.xctest/CompilerIdC (in target 'CompilerIdC' from project 'CompilerIdC')
    cd /Users/andrewadmin/Projects/bingo/bingo_road/build_ios/CMakeFiles/3.25.2/CompilerIdC
    /Applications/Xcode.app/Contents/Developer/Toolchains/XcodeDefault.xctoolchain/usr/bin/dsymutil /Users/andrewadmin/Projects/bingo/bingo_road/build_ios/CMakeFiles/3.25.2/CompilerIdC/CompilerIdC.xctest/CompilerIdC -o /Users/andrewadmin/Projects/bingo/bingo_road/build_ios/CMakeFiles/3.25.2/CompilerIdC/CompilerIdC.xctest.dSYM

PhaseScriptExecution Run\ Script /Users/andrewadmin/Projects/bingo/bingo_road/build_ios/CMakeFiles/3.25.2/CompilerIdC/CompilerIdC.build/Debug-iphoneos/CompilerIdC.build/Script-2C8FEB8E15DC1A1A00E56A5D.sh (in target 'CompilerIdC' from project 'CompilerIdC')
    cd /Users/andrewadmin/Projects/bingo/bingo_road/build_ios/CMakeFiles/3.25.2/CompilerIdC
    /bin/sh -c /Users/andrewadmin/Projects/bingo/bingo_road/build_ios/CMakeFiles/3.25.2/CompilerIdC/CompilerIdC.build/Debug-iphoneos/CompilerIdC.build/Script-2C8FEB8E15DC1A1A00E56A5D.sh
GCC_VERSION=com.apple.compilers.llvm.clang.1_0
ARCHS=arm64

RegisterExecutionPolicyException /Users/andrewadmin/Projects/bingo/bingo_road/build_ios/CMakeFiles/3.25.2/CompilerIdC/CompilerIdC.xctest (in target 'CompilerIdC' from project 'CompilerIdC')
    cd /Users/andrewadmin/Projects/bingo/bingo_road/build_ios/CMakeFiles/3.25.2/CompilerIdC
    builtin-RegisterExecutionPolicyException /Users/andrewadmin/Projects/bingo/bingo_road/build_ios/CMakeFiles/3.25.2/CompilerIdC/CompilerIdC.xctest

Touch /Users/andrewadmin/Projects/bingo/bingo_road/build_ios/CMakeFiles/3.25.2/CompilerIdC/CompilerIdC.xctest (in target 'CompilerIdC' from project 'CompilerIdC')
    cd /Users/andrewadmin/Projects/bingo/bingo_road/build_ios/CMakeFiles/3.25.2/CompilerIdC
    /usr/bin/touch -c /Users/andrewadmin/Projects/bingo/bingo_road/build_ios/CMakeFiles/3.25.2/CompilerIdC/CompilerIdC.xctest

** BUILD SUCCEEDED **



Compilation of the C compiler identification source "CMakeCCompilerId.c" produced "CompilerIdC.xctest/CompilerIdC"

Compilation of the C compiler identification source "CMakeCCompilerId.c" produced "CompilerIdC.xctest/Info.plist"

The C compiler identification is AppleClang, found in "/Users/andrewadmin/Projects/bingo/bingo_road/build_ios/CMakeFiles/3.25.2/CompilerIdC/CompilerIdC.xctest/CompilerIdC"

Compiling the CXX compiler identification source file "CMakeCXXCompilerId.cpp" succeeded.
Compiler:  
Build flags: 
Id flags:  

The output was:
0
Command line invocation:
    /Applications/Xcode.app/Contents/Developer/usr/bin/xcodebuild

User defaults from command line:
    IDEPackageSupportUseBuiltinSCM = YES

Computing target dependency graph and provisioning inputs

Create build description
Build description signature: e4c9f62cd0a7ef23f527a9f7a9489a63
Build description path: /Users/andrewadmin/Projects/bingo/bingo_road/build_ios/CMakeFiles/3.25.2/CompilerIdCXX/./XCBuildData/e4c9f62cd0a7ef23f527a9f7a9489a63-desc.xcbuild

warning: Building targets in manual order is deprecated - check "Parallelize build for command-line builds" in the project editor, or set DISABLE_MANUAL_TARGET_ORDER_BUILD_WARNING in any of the targets in the current build to suppress this warning
CreateBuildDirectory /Users/andrewadmin/Projects/bingo/bingo_road/build_ios/CMakeFiles/3.25.2/CompilerIdCXX
    cd /Users/andrewadmin/Projects/bingo/bingo_road/build_ios/CMakeFiles/3.25.2/CompilerIdCXX/CompilerIdCXX.xcodeproj
    builtin-create-build-directory /Users/andrewadmin/Projects/bingo/bingo_road/build_ios/CMakeFiles/3.25.2/CompilerIdCXX

CreateBuildDirectory /Users/andrewadmin/Projects/bingo/bingo_road/build_ios/CMakeFiles/3.25.2/CompilerIdCXX/EagerLinkingTBDs
    cd /Users/andrewadmin/Projects/bingo/bingo_road/build_ios/CMakeFiles/3.25.2/CompilerIdCXX/CompilerIdCXX.xcodeproj
    builtin-create-build-directory /Users/andrewadmin/Projects/bingo/bingo_road/build_ios/CMakeFiles/3.25.2/CompilerIdCXX/EagerLinkingTBDs

warning: Traditional headermap style is no longer supported; please migrate to using separate headermaps and set 'ALWAYS_SEARCH_USER_PATHS' to NO. (in target 'CompilerIdCXX' from project 'CompilerIdCXX')
note: Run script build phase 'Run Script' will be run during every build because the option to run the script phase "Based on dependency analysis" is unchecked. (in target 'CompilerIdCXX' from project 'CompilerIdCXX')
MkDir /Users/andrewadmin/Projects/bingo/bingo_road/build_ios/CMakeFiles/3.25.2/CompilerIdCXX/CompilerIdCXX.xctest (in target 'CompilerIdCXX' from project 'CompilerIdCXX')
    cd /Users/andrewadmin/Projects/bingo/bingo_road/build_ios/CMakeFiles/3.25.2/CompilerIdCXX
    /bin/mkdir -p /Users/andrewadmin/Projects/bingo/bingo_road/build_ios/CMakeFiles/3.25.2/CompilerIdCXX/CompilerIdCXX.xctest

WriteAuxiliaryFile /Users/andrewadmin/Projects/bingo/bingo_road/build_ios/CMakeFiles/3.25.2/CompilerIdCXX/CompilerIdCXX.build/Debug-iphoneos/CompilerIdCXX.build/CompilerIdCXX-generated-files.hmap (in target 'CompilerIdCXX' from project 'CompilerIdCXX')
    cd /Users/andrewadmin/Projects/bingo/bingo_road/build_ios/CMakeFiles/3.25.2/CompilerIdCXX
    write-file /Users/andrewadmin/Projects/bingo/bingo_road/build_ios/CMakeFiles/3.25.2/CompilerIdCXX/CompilerIdCXX.build/Debug-iphoneos/CompilerIdCXX.build/CompilerIdCXX-generated-files.hmap

WriteAuxiliaryFile /Users/andrewadmin/Projects/bingo/bingo_road/build_ios/CMakeFiles/3.25.2/CompilerIdCXX/CompilerIdCXX.build/Debug-iphoneos/CompilerIdCXX.build/CompilerIdCXX-all-target-headers.hmap (in target 'CompilerIdCXX' from project 'CompilerIdCXX')
    cd /Users/andrewadmin/Projects/bingo/bingo_road/build_ios/CMakeFiles/3.25.2/CompilerIdCXX
    write-file /Users/andrewadmin/Projects/bingo/bingo_road/build_ios/CMakeFiles/3.25.2/CompilerIdCXX/CompilerIdCXX.build/Debug-iphoneos/CompilerIdCXX.build/CompilerIdCXX-all-target-headers.hmap

WriteAuxiliaryFile /Users/andrewadmin/Projects/bingo/bingo_road/build_ios/CMakeFiles/3.25.2/CompilerIdCXX/CompilerIdCXX.build/Debug-iphoneos/CompilerIdCXX.build/all-product-headers.yaml (in target 'CompilerIdCXX' from project 'CompilerIdCXX')
    cd /Users/andrewadmin/Projects/bingo/bingo_road/build_ios/CMakeFiles/3.25.2/CompilerIdCXX
    write-file /Users/andrewadmin/Projects/bingo/bingo_road/build_ios/CMakeFiles/3.25.2/CompilerIdCXX/CompilerIdCXX.build/Debug-iphoneos/CompilerIdCXX.build/all-product-headers.yaml

WriteAuxiliaryFile /Users/andrewadmin/Projects/bingo/bingo_road/build_ios/CMakeFiles/3.25.2/CompilerIdCXX/CompilerIdCXX.build/Debug-iphoneos/CompilerIdCXX.build/CompilerIdCXX-project-headers.hmap (in target 'CompilerIdCXX' from project 'CompilerIdCXX')
    cd /Users/andrewadmin/Projects/bingo/bingo_road/build_ios/CMakeFiles/3.25.2/CompilerIdCXX
    write-file /Users/andrewadmin/Projects/bingo/bingo_road/build_ios/CMakeFiles/3.25.2/CompilerIdCXX/CompilerIdCXX.build/Debug-iphoneos/CompilerIdCXX.build/CompilerIdCXX-project-headers.hmap

WriteAuxiliaryFile /Users/andrewadmin/Projects/bingo/bingo_road/build_ios/CMakeFiles/3.25.2/CompilerIdCXX/CompilerIdCXX.build/Debug-iphoneos/CompilerIdCXX.build/CompilerIdCXX-all-non-framework-target-headers.hmap (in target 'CompilerIdCXX' from project 'CompilerIdCXX')
    cd /Users/andrewadmin/Projects/bingo/bingo_road/build_ios/CMakeFiles/3.25.2/CompilerIdCXX
    write-file /Users/andrewadmin/Projects/bingo/bingo_road/build_ios/CMakeFiles/3.25.2/CompilerIdCXX/CompilerIdCXX.build/Debug-iphoneos/CompilerIdCXX.build/CompilerIdCXX-all-non-framework-target-headers.hmap

WriteAuxiliaryFile /Users/andrewadmin/Projects/bingo/bingo_road/build_ios/CMakeFiles/3.25.2/CompilerIdCXX/CompilerIdCXX.build/Debug-iphoneos/CompilerIdCXX.build/CompilerIdCXX-own-target-headers.hmap (in target 'CompilerIdCXX' from project 'CompilerIdCXX')
    cd /Users/andrewadmin/Projects/bingo/bingo_road/build_ios/CMakeFiles/3.25.2/CompilerIdCXX
    write-file /Users/andrewadmin/Projects/bingo/bingo_road/build_ios/CMakeFiles/3.25.2/CompilerIdCXX/CompilerIdCXX.build/Debug-iphoneos/CompilerIdCXX.build/CompilerIdCXX-own-target-headers.hmap

WriteAuxiliaryFile /Users/andrewadmin/Projects/bingo/bingo_road/build_ios/CMakeFiles/3.25.2/CompilerIdCXX/CompilerIdCXX.build/Debug-iphoneos/CompilerIdCXX.build/CompilerIdCXX.hmap (in target 'CompilerIdCXX' from project 'CompilerIdCXX')
    cd /Users/andrewadmin/Projects/bingo/bingo_road/build_ios/CMakeFiles/3.25.2/CompilerIdCXX
    write-file /Users/andrewadmin/Projects/bingo/bingo_road/build_ios/CMakeFiles/3.25.2/CompilerIdCXX/CompilerIdCXX.build/Debug-iphoneos/CompilerIdCXX.build/CompilerIdCXX.hmap

WriteAuxiliaryFile /Users/andrewadmin/Projects/bingo/bingo_road/build_ios/CMakeFiles/3.25.2/CompilerIdCXX/CompilerIdCXX.build/Debug-iphoneos/CompilerIdCXX.build/empty-CompilerIdCXX.plist (in target 'CompilerIdCXX' from project 'CompilerIdCXX')
    cd /Users/andrewadmin/Projects/bingo/bingo_road/build_ios/CMakeFiles/3.25.2/CompilerIdCXX
    write-file /Users/andrewadmin/Projects/bingo/bingo_road/build_ios/CMakeFiles/3.25.2/CompilerIdCXX/CompilerIdCXX.build/Debug-iphoneos/CompilerIdCXX.build/empty-CompilerIdCXX.plist

WriteAuxiliaryFile /Users/andrewadmin/Projects/bingo/bingo_road/build_ios/CMakeFiles/3.25.2/CompilerIdCXX/CompilerIdCXX.build/Debug-iphoneos/CompilerIdCXX.build/Objects-normal/arm64/CompilerIdCXX.LinkFileList (in target 'CompilerIdCXX' from project 'CompilerIdCXX')
    cd /Users/andrewadmin/Projects/bingo/bingo_road/build_ios/CMakeFiles/3.25.2/CompilerIdCXX
    write-file /Users/andrewadmin/Projects/bingo/bingo_road/build_ios/CMakeFiles/3.25.2/CompilerIdCXX/CompilerIdCXX.build/Debug-iphoneos/CompilerIdCXX.build/Objects-normal/arm64/CompilerIdCXX.LinkFileList

CompileC /Users/andrewadmin/Projects/bingo/bingo_road/build_ios/CMakeFiles/3.25.2/CompilerIdCXX/CompilerIdCXX.build/Debug-iphoneos/CompilerIdCXX.build/Objects-normal/arm64/CMakeCXXCompilerId.o /Users/andrewadmin/Projects/bingo/bingo_road/build_ios/CMakeFiles/3.25.2/CompilerIdCXX/CMakeCXXCompilerId.cpp normal arm64 c++ com.apple.compilers.llvm.clang.1_0.compiler (in target 'CompilerIdCXX' from project 'CompilerIdCXX')
    cd /Users/andrewadmin/Projects/bingo/bingo_road/build_ios/CMakeFiles/3.25.2/CompilerIdCXX
    /Applications/Xcode.app/Contents/Developer/Toolchains/XcodeDefault.xctoolchain/usr/bin/clang -x c++ -target arm64-apple-ios16.1 -fmessage-length\=0 -fdiagnostics-show-note-include-stack -fmacro-backtrace-limit\=0 -Wno-trigraphs -fpascal-strings -Os -Wno-missing-field-initializers -Wno-missing-prototypes -Wno-return-type -Wno-non-virtual-dtor -Wno-overloaded-virtual -Wno-exit-time-destructors -Wno-missing-braces -Wparentheses -Wswitch -Wno-unused-function -Wno-unused-label -Wno-unused-parameter -Wno-unused-variable -Wunused-value -Wno-empty-body -Wno-uninitialized -Wno-unknown-pragmas -Wno-shadow -Wno-four-char-constants -Wno-conversion -Wno-constant-conversion -Wno-int-conversion -Wno-bool-conversion -Wno-enum-conversion -Wno-float-conversion -Wno-non-literal-null-conversion -Wno-objc-literal-conversion -Wshorten-64-to-32 -Wno-newline-eof -Wno-c++11-extensions -Wno-implicit-fallthrough -isysroot /Applications/Xcode.app/Contents/Developer/Platforms/iPhoneOS.platform/Developer/SDKs/iPhoneOS16.1.sdk -fstrict-aliasing -Wdeprecated-declarations -Winvalid-offsetof -g -fvisibility-inlines-hidden -Wno-sign-conversion -Wno-infinite-recursion -Wno-move -Wno-comma -Wno-block-capture-autoreleasing -Wno-strict-prototypes -Wno-range-loop-analysis -Wno-semicolon-before-method-body -iquote /Users/andrewadmin/Projects/bingo/bingo_road/build_ios/CMakeFiles/3.25.2/CompilerIdCXX/CompilerIdCXX.build/Debug-iphoneos/CompilerIdCXX.build/CompilerIdCXX-generated-files.hmap -I/Users/andrewadmin/Projects/bingo/bingo_road/build_ios/CMakeFiles/3.25.2/CompilerIdCXX/CompilerIdCXX.build/Debug-iphoneos/CompilerIdCXX.build/CompilerIdCXX-own-target-headers.hmap -I/Users/andrewadmin/Projects/bingo/bingo_road/build_ios/CMakeFiles/3.25.2/CompilerIdCXX/CompilerIdCXX.build/Debug-iphoneos/CompilerIdCXX.build/CompilerIdCXX-all-target-headers.hmap -iquote /Users/andrewadmin/Projects/bingo/bingo_road/build_ios/CMakeFiles/3.25.2/CompilerIdCXX/CompilerIdCXX.build/Debug-iphoneos/CompilerIdCXX.build/CompilerIdCXX-project-headers.hmap -I/Users/andrewadmin/Projects/bingo/bingo_road/build_ios/CMakeFiles/3.25.2/CompilerIdCXX/include -I/Users/andrewadmin/Projects/bingo/bingo_road/build_ios/CMakeFiles/3.25.2/CompilerIdCXX/CompilerIdCXX.build/Debug-iphoneos/CompilerIdCXX.build/DerivedSources-normal/arm64 -I/Users/andrewadmin/Projects/bingo/bingo_road/build_ios/CMakeFiles/3.25.2/CompilerIdCXX/CompilerIdCXX.build/Debug-iphoneos/CompilerIdCXX.build/DerivedSources/arm64 -I/Users/andrewadmin/Projects/bingo/bingo_road/build_ios/CMakeFiles/3.25.2/CompilerIdCXX/CompilerIdCXX.build/Debug-iphoneos/CompilerIdCXX.build/DerivedSources -F/Users/andrewadmin/Projects/bingo/bingo_road/build_ios/CMakeFiles/3.25.2/CompilerIdCXX -iframework /Applications/Xcode.app/Contents/Developer/Platforms/iPhoneOS.platform/Developer/Library/Frameworks -iframework /Applications/Xcode.app/Contents/Developer/Platforms/iPhoneOS.platform/Developer/SDKs/iPhoneOS16.1.sdk/Developer/Library/Frameworks -MMD -MT dependencies -MF /Users/andrewadmin/Projects/bingo/bingo_road/build_ios/CMakeFiles/3.25.2/CompilerIdCXX/CompilerIdCXX.build/Debug-iphoneos/CompilerIdCXX.build/Objects-normal/arm64/CMakeCXXCompilerId.d --serialize-diagnostics /Users/andrewadmin/Projects/bingo/bingo_road/build_ios/CMakeFiles/3.25.2/CompilerIdCXX/CompilerIdCXX.build/Debug-iphoneos/CompilerIdCXX.build/Objects-normal/arm64/CMakeCXXCompilerId.dia -c /Users/andrewadmin/Projects/bingo/bingo_road/build_ios/CMakeFiles/3.25.2/CompilerIdCXX/CMakeCXXCompilerId.cpp -o /Users/andrewadmin/Projects/bingo/bingo_road/build_ios/CMakeFiles/3.25.2/CompilerIdCXX/CompilerIdCXX.build/Debug-iphoneos/CompilerIdCXX.build/Objects-normal/arm64/CMakeCXXCompilerId.o

ProcessInfoPlistFile /Users/andrewadmin/Projects/bingo/bingo_road/build_ios/CMakeFiles/3.25.2/CompilerIdCXX/CompilerIdCXX.xctest/Info.plist /Users/andrewadmin/Projects/bingo/bingo_road/build_ios/CMakeFiles/3.25.2/CompilerIdCXX/CompilerIdCXX.build/Debug-iphoneos/CompilerIdCXX.build/empty-CompilerIdCXX.plist (in target 'CompilerIdCXX' from project 'CompilerIdCXX')
    cd /Users/andrewadmin/Projects/bingo/bingo_road/build_ios/CMakeFiles/3.25.2/CompilerIdCXX
    builtin-infoPlistUtility /Users/andrewadmin/Projects/bingo/bingo_road/build_ios/CMakeFiles/3.25.2/CompilerIdCXX/CompilerIdCXX.build/Debug-iphoneos/CompilerIdCXX.build/empty-CompilerIdCXX.plist -producttype com.apple.product-type.bundle.unit-test -expandbuildsettings -format binary -platform iphoneos -requiredArchitecture arm64 -o /Users/andrewadmin/Projects/bingo/bingo_road/build_ios/CMakeFiles/3.25.2/CompilerIdCXX/CompilerIdCXX.xctest/Info.plist

Ld /Users/andrewadmin/Projects/bingo/bingo_road/build_ios/CMakeFiles/3.25.2/CompilerIdCXX/CompilerIdCXX.xctest/CompilerIdCXX normal (in target 'CompilerIdCXX' from project 'CompilerIdCXX')
    cd /Users/andrewadmin/Projects/bingo/bingo_road/build_ios/CMakeFiles/3.25.2/CompilerIdCXX
    /Applications/Xcode.app/Contents/Developer/Toolchains/XcodeDefault.xctoolchain/usr/bin/clang++ -target arm64-apple-ios16.1 -bundle -isysroot /Applications/Xcode.app/Contents/Developer/Platforms/iPhoneOS.platform/Developer/SDKs/iPhoneOS16.1.sdk -L/Users/andrewadmin/Projects/bingo/bingo_road/build_ios/CMakeFiles/3.25.2/CompilerIdCXX/EagerLinkingTBDs -L/Users/andrewadmin/Projects/bingo/bingo_road/build_ios/CMakeFiles/3.25.2/CompilerIdCXX -L/Applications/Xcode.app/Contents/Developer/Platforms/iPhoneOS.platform/Developer/usr/lib -F/Users/andrewadmin/Projects/bingo/bingo_road/build_ios/CMakeFiles/3.25.2/CompilerIdCXX/EagerLinkingTBDs -F/Users/andrewadmin/Projects/bingo/bingo_road/build_ios/CMakeFiles/3.25.2/CompilerIdCXX -iframework /Applications/Xcode.app/Contents/Developer/Platforms/iPhoneOS.platform/Developer/Library/Frameworks -iframework /Applications/Xcode.app/Contents/Developer/Platforms/iPhoneOS.platform/Developer/SDKs/iPhoneOS16.1.sdk/Developer/Library/Frameworks -filelist /Users/andrewadmin/Projects/bingo/bingo_road/build_ios/CMakeFiles/3.25.2/CompilerIdCXX/CompilerIdCXX.build/Debug-iphoneos/CompilerIdCXX.build/Objects-normal/arm64/CompilerIdCXX.LinkFileList -Xlinker -rpath -Xlinker @loader_path/Frameworks -dead_strip -Xlinker -object_path_lto -Xlinker /Users/andrewadmin/Projects/bingo/bingo_road/build_ios/CMakeFiles/3.25.2/CompilerIdCXX/CompilerIdCXX.build/Debug-iphoneos/CompilerIdCXX.build/Objects-normal/arm64/CompilerIdCXX_lto.o -framework XCTest -Xlinker -dependency_info -Xlinker /Users/andrewadmin/Projects/bingo/bingo_road/build_ios/CMakeFiles/3.25.2/CompilerIdCXX/CompilerIdCXX.build/Debug-iphoneos/CompilerIdCXX.build/Objects-normal/arm64/CompilerIdCXX_dependency_info.dat -o /Users/andrewadmin/Projects/bingo/bingo_road/build_ios/CMakeFiles/3.25.2/CompilerIdCXX/CompilerIdCXX.xctest/CompilerIdCXX

WriteAuxiliaryFile /Users/andrewadmin/Projects/bingo/bingo_road/build_ios/CMakeFiles/3.25.2/CompilerIdCXX/CompilerIdCXX.build/Debug-iphoneos/CompilerIdCXX.build/Script-2C8FEB8E15DC1A1A00E56A5D.sh (in target 'CompilerIdCXX' from project 'CompilerIdCXX')
    cd /Users/andrewadmin/Projects/bingo/bingo_road/build_ios/CMakeFiles/3.25.2/CompilerIdCXX
    write-file /Users/andrewadmin/Projects/bingo/bingo_road/build_ios/CMakeFiles/3.25.2/CompilerIdCXX/CompilerIdCXX.build/Debug-iphoneos/CompilerIdCXX.build/Script-2C8FEB8E15DC1A1A00E56A5D.sh

GenerateDSYMFile /Users/andrewadmin/Projects/bingo/bingo_road/build_ios/CMakeFiles/3.25.2/CompilerIdCXX/CompilerIdCXX.xctest.dSYM /Users/andrewadmin/Projects/bingo/bingo_road/build_ios/CMakeFiles/3.25.2/CompilerIdCXX/CompilerIdCXX.xctest/CompilerIdCXX (in target 'CompilerIdCXX' from project 'CompilerIdCXX')
    cd /Users/andrewadmin/Projects/bingo/bingo_road/build_ios/CMakeFiles/3.25.2/CompilerIdCXX
    /Applications/Xcode.app/Contents/Developer/Toolchains/XcodeDefault.xctoolchain/usr/bin/dsymutil /Users/andrewadmin/Projects/bingo/bingo_road/build_ios/CMakeFiles/3.25.2/CompilerIdCXX/CompilerIdCXX.xctest/CompilerIdCXX -o /Users/andrewadmin/Projects/bingo/bingo_road/build_ios/CMakeFiles/3.25.2/CompilerIdCXX/CompilerIdCXX.xctest.dSYM

PhaseScriptExecution Run\ Script /Users/andrewadmin/Projects/bingo/bingo_road/build_ios/CMakeFiles/3.25.2/CompilerIdCXX/CompilerIdCXX.build/Debug-iphoneos/CompilerIdCXX.build/Script-2C8FEB8E15DC1A1A00E56A5D.sh (in target 'CompilerIdCXX' from project 'CompilerIdCXX')
    cd /Users/andrewadmin/Projects/bingo/bingo_road/build_ios/CMakeFiles/3.25.2/CompilerIdCXX
    /bin/sh -c /Users/andrewadmin/Projects/bingo/bingo_road/build_ios/CMakeFiles/3.25.2/CompilerIdCXX/CompilerIdCXX.build/Debug-iphoneos/CompilerIdCXX.build/Script-2C8FEB8E15DC1A1A00E56A5D.sh
GCC_VERSION=com.apple.compilers.llvm.clang.1_0
ARCHS=arm64

RegisterExecutionPolicyException /Users/andrewadmin/Projects/bingo/bingo_road/build_ios/CMakeFiles/3.25.2/CompilerIdCXX/CompilerIdCXX.xctest (in target 'CompilerIdCXX' from project 'CompilerIdCXX')
    cd /Users/andrewadmin/Projects/bingo/bingo_road/build_ios/CMakeFiles/3.25.2/CompilerIdCXX
    builtin-RegisterExecutionPolicyException /Users/andrewadmin/Projects/bingo/bingo_road/build_ios/CMakeFiles/3.25.2/CompilerIdCXX/CompilerIdCXX.xctest

Touch /Users/andrewadmin/Projects/bingo/bingo_road/build_ios/CMakeFiles/3.25.2/CompilerIdCXX/CompilerIdCXX.xctest (in target 'CompilerIdCXX' from project 'CompilerIdCXX')
    cd /Users/andrewadmin/Projects/bingo/bingo_road/build_ios/CMakeFiles/3.25.2/CompilerIdCXX
    /usr/bin/touch -c /Users/andrewadmin/Projects/bingo/bingo_road/build_ios/CMakeFiles/3.25.2/CompilerIdCXX/CompilerIdCXX.xctest

** BUILD SUCCEEDED **



Compilation of the CXX compiler identification source "CMakeCXXCompilerId.cpp" produced "CompilerIdCXX.xctest/CompilerIdCXX"

Compilation of the CXX compiler identification source "CMakeCXXCompilerId.cpp" produced "CompilerIdCXX.xctest/Info.plist"

The CXX compiler identification is AppleClang, found in "/Users/andrewadmin/Projects/bingo/bingo_road/build_ios/CMakeFiles/3.25.2/CompilerIdCXX/CompilerIdCXX.xctest/CompilerIdCXX"

Detecting C compiler ABI info compiled with the following output:
Change Dir: /Users/andrewadmin/Projects/bingo/bingo_road/build_ios/CMakeFiles/CMakeScratch/TryCompile-gU7Lry

Run Build Command(s):/usr/bin/xcodebuild -project CMAKE_TRY_COMPILE.xcodeproj build -target cmTC_e7fd7 -parallelizeTargets -configuration Debug -hideShellScriptEnvironment && Command line invocation:
    /Applications/Xcode.app/Contents/Developer/usr/bin/xcodebuild -project CMAKE_TRY_COMPILE.xcodeproj build -target cmTC_e7fd7 -parallelizeTargets -configuration Debug -hideShellScriptEnvironment

User defaults from command line:
    HideShellScriptEnvironment = YES
    IDEPackageSupportUseBuiltinSCM = YES

Computing target dependency graph and provisioning inputs

Create build description
Build description signature: 8e36486e979d899521c12b8e03a031a3
Build description path: /Users/andrewadmin/Projects/bingo/bingo_road/build_ios/CMakeFiles/CMakeScratch/TryCompile-gU7Lry/build/XCBuildData/8e36486e979d899521c12b8e03a031a3-desc.xcbuild

note: Building targets in dependency order
CreateBuildDirectory /Users/andrewadmin/Projects/bingo/bingo_road/build_ios/CMakeFiles/CMakeScratch/TryCompile-gU7Lry/build
    cd /Users/andrewadmin/Projects/bingo/bingo_road/build_ios/CMakeFiles/CMakeScratch/TryCompile-gU7Lry/CMAKE_TRY_COMPILE.xcodeproj
    builtin-create-build-directory /Users/andrewadmin/Projects/bingo/bingo_road/build_ios/CMakeFiles/CMakeScratch/TryCompile-gU7Lry/build

CreateBuildDirectory /Users/andrewadmin/Projects/bingo/bingo_road/build_ios/CMakeFiles/CMakeScratch/TryCompile-gU7Lry/Debug
    cd /Users/andrewadmin/Projects/bingo/bingo_road/build_ios/CMakeFiles/CMakeScratch/TryCompile-gU7Lry/CMAKE_TRY_COMPILE.xcodeproj
    builtin-create-build-directory /Users/andrewadmin/Projects/bingo/bingo_road/build_ios/CMakeFiles/CMakeScratch/TryCompile-gU7Lry/Debug

CreateBuildDirectory /Users/andrewadmin/Projects/bingo/bingo_road/build_ios/CMakeFiles/CMakeScratch/TryCompile-gU7Lry/build/EagerLinkingTBDs
    cd /Users/andrewadmin/Projects/bingo/bingo_road/build_ios/CMakeFiles/CMakeScratch/TryCompile-gU7Lry/CMAKE_TRY_COMPILE.xcodeproj
    builtin-create-build-directory /Users/andrewadmin/Projects/bingo/bingo_road/build_ios/CMakeFiles/CMakeScratch/TryCompile-gU7Lry/build/EagerLinkingTBDs

WriteAuxiliaryFile /Users/andrewadmin/Projects/bingo/bingo_road/build_ios/CMakeFiles/CMakeScratch/TryCompile-gU7Lry/build/cmTC_e7fd7.build/Debug-iphoneos/Objects-normal/arm64/cmTC_e7fd7.LinkFileList (in target 'cmTC_e7fd7' from project 'CMAKE_TRY_COMPILE')
    cd /Users/andrewadmin/Projects/bingo/bingo_road/build_ios/CMakeFiles/CMakeScratch/TryCompile-gU7Lry
    write-file /Users/andrewadmin/Projects/bingo/bingo_road/build_ios/CMakeFiles/CMakeScratch/TryCompile-gU7Lry/build/cmTC_e7fd7.build/Debug-iphoneos/Objects-normal/arm64/cmTC_e7fd7.LinkFileList

CompileC /Users/andrewadmin/Projects/bingo/bingo_road/build_ios/CMakeFiles/CMakeScratch/TryCompile-gU7Lry/build/cmTC_e7fd7.build/Debug-iphoneos/Objects-normal/arm64/CMakeCCompilerABI.o /usr/local/Cellar/cmake/3.25.2/share/cmake/Modules/CMakeCCompilerABI.c normal arm64 c com.apple.compilers.llvm.clang.1_0.compiler (in target 'cmTC_e7fd7' from project 'CMAKE_TRY_COMPILE')
    cd /Users/andrewadmin/Projects/bingo/bingo_road/build_ios/CMakeFiles/CMakeScratch/TryCompile-gU7Lry
    /Applications/Xcode.app/Contents/Developer/Toolchains/XcodeDefault.xctoolchain/usr/bin/clang -x c -target arm64-apple-ios16.1 -fmessage-length\=0 -fdiagnostics-show-note-include-stack -fmacro-backtrace-limit\=0 -Wno-trigraphs -fpascal-strings -O0 -Wno-missing-field-initializers -Wno-missing-prototypes -Wno-return-type -Wno-missing-braces -Wparentheses -Wswitch -Wno-unused-function -Wno-unused-label -Wno-unused-parameter -Wno-unused-variable -Wunused-value -Wno-empty-body -Wno-uninitialized -Wno-unknown-pragmas -Wno-shadow -Wno-four-char-constants -Wno-conversion -Wno-constant-conversion -Wno-int-conversion -Wno-bool-conversion -Wno-enum-conversion -Wno-float-conversion -Wno-non-literal-null-conversion -Wno-objc-literal-conversion -Wshorten-64-to-32 -Wpointer-sign -Wno-newline-eof -Wno-implicit-fallthrough -DCMAKE_INTDIR\=\"Debug-iphoneos\" -isysroot /Applications/Xcode.app/Contents/Developer/Platforms/iPhoneOS.platform/Developer/SDKs/iPhoneOS16.1.sdk -fstrict-aliasing -Wdeprecated-declarations -g -Wno-sign-conversion -Wno-infinite-recursion -Wno-comma -Wno-block-capture-autoreleasing -Wno-strict-prototypes -Wno-semicolon-before-method-body -I/Users/andrewadmin/Projects/bingo/bingo_road/build_ios/CMakeFiles/CMakeScratch/TryCompile-gU7Lry/Debug/include -I/Users/andrewadmin/Projects/bingo/bingo_road/build_ios/CMakeFiles/CMakeScratch/TryCompile-gU7Lry/build/cmTC_e7fd7.build/Debug-iphoneos/DerivedSources-normal/arm64 -I/Users/andrewadmin/Projects/bingo/bingo_road/build_ios/CMakeFiles/CMakeScratch/TryCompile-gU7Lry/build/cmTC_e7fd7.build/Debug-iphoneos/DerivedSources/arm64 -I/Users/andrewadmin/Projects/bingo/bingo_road/build_ios/CMakeFiles/CMakeScratch/TryCompile-gU7Lry/build/cmTC_e7fd7.build/Debug-iphoneos/DerivedSources -F/Users/andrewadmin/Projects/bingo/bingo_road/build_ios/CMakeFiles/CMakeScratch/TryCompile-gU7Lry/Debug -v -Wl,-v -MMD -MT dependencies -MF /Users/andrewadmin/Projects/bingo/bingo_road/build_ios/CMakeFiles/CMakeScratch/TryCompile-gU7Lry/build/cmTC_e7fd7.build/Debug-iphoneos/Objects-normal/arm64/CMakeCCompilerABI.d --serialize-diagnostics /Users/andrewadmin/Projects/bingo/bingo_road/build_ios/CMakeFiles/CMakeScratch/TryCompile-gU7Lry/build/cmTC_e7fd7.build/Debug-iphoneos/Objects-normal/arm64/CMakeCCompilerABI.dia -c /usr/local/Cellar/cmake/3.25.2/share/cmake/Modules/CMakeCCompilerABI.c -o /Users/andrewadmin/Projects/bingo/bingo_road/build_ios/CMakeFiles/CMakeScratch/TryCompile-gU7Lry/build/cmTC_e7fd7.build/Debug-iphoneos/Objects-normal/arm64/CMakeCCompilerABI.o
Apple clang version 14.0.0 (clang-1400.0.29.202)
Target: arm64-apple-ios16.1
Thread model: posix
InstalledDir: /Applications/Xcode.app/Contents/Developer/Toolchains/XcodeDefault.xctoolchain/usr/bin
clang: warning: -Wl,-v: 'linker' input unused [-Wunused-command-line-argument]
 "/Applications/Xcode.app/Contents/Developer/Toolchains/XcodeDefault.xctoolchain/usr/bin/clang" -cc1 -triple arm64-apple-ios16.1.0 -Wundef-prefix=TARGET_OS_ -Wdeprecated-objc-isa-usage -Werror=deprecated-objc-isa-usage -Werror=implicit-function-declaration -emit-obj -mrelax-all --mrelax-relocations -disable-free -clear-ast-before-backend -disable-llvm-verifier -discard-value-names -main-file-name CMakeCCompilerABI.c -mrelocation-model pic -pic-level 2 -mframe-pointer=non-leaf -fno-strict-return -fno-rounding-math -funwind-tables=2 -fobjc-msgsend-selector-stubs -target-sdk-version=16.1 -fvisibility-inlines-hidden-static-local-var -target-cpu apple-a7 -target-feature +fp-armv8 -target-feature +neon -target-feature +crypto -target-feature +zcm -target-feature +zcz -target-feature +sha2 -target-feature +aes -target-abi darwinpcs -fallow-half-arguments-and-returns -debug-info-kind=standalone -dwarf-version=4 -debugger-tuning=lldb -target-linker-version 820.1 -v -resource-dir /Applications/Xcode.app/Contents/Developer/Toolchains/XcodeDefault.xctoolchain/usr/lib/clang/14.0.0 -dependency-file /Users/andrewadmin/Projects/bingo/bingo_road/build_ios/CMakeFiles/CMakeScratch/TryCompile-gU7Lry/build/cmTC_e7fd7.build/Debug-iphoneos/Objects-normal/arm64/CMakeCCompilerABI.d -skip-unused-modulemap-deps -MT dependencies -isysroot /Applications/Xcode.app/Contents/Developer/Platforms/iPhoneOS.platform/Developer/SDKs/iPhoneOS16.1.sdk -D "CMAKE_INTDIR=\"Debug-iphoneos\"" -I /Users/andrewadmin/Projects/bingo/bingo_road/build_ios/CMakeFiles/CMakeScratch/TryCompile-gU7Lry/Debug/include -I /Users/andrewadmin/Projects/bingo/bingo_road/build_ios/CMakeFiles/CMakeScratch/TryCompile-gU7Lry/build/cmTC_e7fd7.build/Debug-iphoneos/DerivedSources-normal/arm64 -I /Users/andrewadmin/Projects/bingo/bingo_road/build_ios/CMakeFiles/CMakeScratch/TryCompile-gU7Lry/build/cmTC_e7fd7.build/Debug-iphoneos/DerivedSources/arm64 -I /Users/andrewadmin/Projects/bingo/bingo_road/build_ios/CMakeFiles/CMakeScratch/TryCompile-gU7Lry/build/cmTC_e7fd7.build/Debug-iphoneos/DerivedSources -F/Users/andrewadmin/Projects/bingo/bingo_road/build_ios/CMakeFiles/CMakeScratch/TryCompile-gU7Lry/Debug -internal-isystem /Applications/Xcode.app/Contents/Developer/Platforms/iPhoneOS.platform/Developer/SDKs/iPhoneOS16.1.sdk/usr/local/include -internal-isystem /Applications/Xcode.app/Contents/Developer/Toolchains/XcodeDefault.xctoolchain/usr/lib/clang/14.0.0/include -internal-externc-isystem /Applications/Xcode.app/Contents/Developer/Platforms/iPhoneOS.platform/Developer/SDKs/iPhoneOS16.1.sdk/usr/include -internal-externc-isystem /Applications/Xcode.app/Contents/Developer/Toolchains/XcodeDefault.xctoolchain/usr/include -O0 -Wno-trigraphs -Wno-missing-field-initializers -Wno-missing-prototypes -Wno-return-type -Wno-missing-braces -Wparentheses -Wswitch -Wno-unused-function -Wno-unused-label -Wno-unused-parameter -Wno-unused-variable -Wunused-value -Wno-empty-body -Wno-uninitialized -Wno-unknown-pragmas -Wno-shadow -Wno-four-char-constants -Wno-conversion -Wno-constant-conversion -Wno-int-conversion -Wno-bool-conversion -Wno-enum-conversion -Wno-float-conversion -Wno-non-literal-null-conversion -Wno-objc-literal-conversion -Wshorten-64-to-32 -Wpointer-sign -Wno-newline-eof -Wno-implicit-fallthrough -Wdeprecated-declarations -Wno-sign-conversion -Wno-infinite-recursion -Wno-comma -Wno-block-capture-autoreleasing -Wno-strict-prototypes -Wno-semicolon-before-method-body -Wno-reorder-init-list -Wno-implicit-int-float-conversion -Wno-c99-designator -Wno-final-dtor-non-final-class -Wno-extra-semi-stmt -Wno-misleading-indentation -Wno-quoted-include-in-framework-header -Wno-implicit-fallthrough -Wno-enum-enum-conversion -Wno-enum-float-conversion -Wno-elaborated-enum-base -Wno-reserved-identifier -Wno-gnu-folding-constant -Wno-cast-function-type -Wno-bitwise-instead-of-logical -fdebug-compilation-dir=/Users/andrewadmin/Projects/bingo/bingo_road/build_ios/CMakeFiles/CMakeScratch/TryCompile-gU7Lry -ferror-limit 19 -fmacro-backtrace-limit 0 -stack-protector 1 -fstack-check -mdarwin-stkchk-strong-link -fblocks -fencode-extended-block-signature -fregister-global-dtors-with-atexit -fgnuc-version=4.2.1 -fpascal-strings -fmax-type-align=16 -fcommon -fdiagnostics-show-note-include-stack -serialize-diagnostic-file /Users/andrewadmin/Projects/bingo/bingo_road/build_ios/CMakeFiles/CMakeScratch/TryCompile-gU7Lry/build/cmTC_e7fd7.build/Debug-iphoneos/Objects-normal/arm64/CMakeCCompilerABI.dia -clang-vendor-feature=+messageToSelfInClassMethodIdReturnType -clang-vendor-feature=+disableInferNewAvailabilityFromInit -clang-vendor-feature=+disableNonDependentMemberExprInCurrentInstantiation -fno-odr-hash-protocols -clang-vendor-feature=+enableAggressiveVLAFolding -clang-vendor-feature=+revert09abecef7bbf -clang-vendor-feature=+thisNoAlignAttr -clang-vendor-feature=+thisNoNullAttr -mllvm -disable-aligned-alloc-awareness=1 -D__GCC_HAVE_DWARF2_CFI_ASM=1 -o /Users/andrewadmin/Projects/bingo/bingo_road/build_ios/CMakeFiles/CMakeScratch/TryCompile-gU7Lry/build/cmTC_e7fd7.build/Debug-iphoneos/Objects-normal/arm64/CMakeCCompilerABI.o -x c /usr/local/Cellar/cmake/3.25.2/share/cmake/Modules/CMakeCCompilerABI.c
clang -cc1 version 14.0.0 (clang-1400.0.29.202) default target x86_64-apple-darwin21.6.0
ignoring nonexistent directory "/Users/andrewadmin/Projects/bingo/bingo_road/build_ios/CMakeFiles/CMakeScratch/TryCompile-gU7Lry/Debug/include"
ignoring nonexistent directory "/Users/andrewadmin/Projects/bingo/bingo_road/build_ios/CMakeFiles/CMakeScratch/TryCompile-gU7Lry/build/cmTC_e7fd7.build/Debug-iphoneos/DerivedSources-normal/arm64"
ignoring nonexistent directory "/Users/andrewadmin/Projects/bingo/bingo_road/build_ios/CMakeFiles/CMakeScratch/TryCompile-gU7Lry/build/cmTC_e7fd7.build/Debug-iphoneos/DerivedSources/arm64"
ignoring nonexistent directory "/Users/andrewadmin/Projects/bingo/bingo_road/build_ios/CMakeFiles/CMakeScratch/TryCompile-gU7Lry/build/cmTC_e7fd7.build/Debug-iphoneos/DerivedSources"
ignoring nonexistent directory "/Applications/Xcode.app/Contents/Developer/Platforms/iPhoneOS.platform/Developer/SDKs/iPhoneOS16.1.sdk/usr/local/include"
ignoring nonexistent directory "/Applications/Xcode.app/Contents/Developer/Platforms/iPhoneOS.platform/Developer/SDKs/iPhoneOS16.1.sdk/Library/Frameworks"
#include "..." search starts here:
#include <...> search starts here:
 /Users/andrewadmin/Projects/bingo/bingo_road/build_ios/CMakeFiles/CMakeScratch/TryCompile-gU7Lry/Debug (framework directory)
 /Applications/Xcode.app/Contents/Developer/Toolchains/XcodeDefault.xctoolchain/usr/lib/clang/14.0.0/include
 /Applications/Xcode.app/Contents/Developer/Platforms/iPhoneOS.platform/Developer/SDKs/iPhoneOS16.1.sdk/usr/include
 /Applications/Xcode.app/Contents/Developer/Toolchains/XcodeDefault.xctoolchain/usr/include
 /Applications/Xcode.app/Contents/Developer/Platforms/iPhoneOS.platform/Developer/SDKs/iPhoneOS16.1.sdk/System/Library/Frameworks (framework directory)
End of search list.

Libtool /Users/andrewadmin/Projects/bingo/bingo_road/build_ios/CMakeFiles/CMakeScratch/TryCompile-gU7Lry/Debug/libcmTC_e7fd7.a normal (in target 'cmTC_e7fd7' from project 'CMAKE_TRY_COMPILE')
    cd /Users/andrewadmin/Projects/bingo/bingo_road/build_ios/CMakeFiles/CMakeScratch/TryCompile-gU7Lry
    /Applications/Xcode.app/Contents/Developer/Toolchains/XcodeDefault.xctoolchain/usr/bin/libtool -static -arch_only arm64 -D -syslibroot /Applications/Xcode.app/Contents/Developer/Platforms/iPhoneOS.platform/Developer/SDKs/iPhoneOS16.1.sdk -L/Users/andrewadmin/Projects/bingo/bingo_road/build_ios/CMakeFiles/CMakeScratch/TryCompile-gU7Lry/Debug -filelist /Users/andrewadmin/Projects/bingo/bingo_road/build_ios/CMakeFiles/CMakeScratch/TryCompile-gU7Lry/build/cmTC_e7fd7.build/Debug-iphoneos/Objects-normal/arm64/cmTC_e7fd7.LinkFileList -dependency_info /Users/andrewadmin/Projects/bingo/bingo_road/build_ios/CMakeFiles/CMakeScratch/TryCompile-gU7Lry/build/cmTC_e7fd7.build/Debug-iphoneos/Objects-normal/arm64/cmTC_e7fd7_libtool_dependency_info.dat -o /Users/andrewadmin/Projects/bingo/bingo_road/build_ios/CMakeFiles/CMakeScratch/TryCompile-gU7Lry/Debug/libcmTC_e7fd7.a

** BUILD SUCCEEDED **




Parsed C implicit include dir info from above output: rv=done
  found start of include info
  found start of implicit include info
    add: [/Applications/Xcode.app/Contents/Developer/Toolchains/XcodeDefault.xctoolchain/usr/lib/clang/14.0.0/include]
    add: [/Applications/Xcode.app/Contents/Developer/Platforms/iPhoneOS.platform/Developer/SDKs/iPhoneOS16.1.sdk/usr/include]
    add: [/Applications/Xcode.app/Contents/Developer/Toolchains/XcodeDefault.xctoolchain/usr/include]
  end of search list found
  collapse include dir [/Applications/Xcode.app/Contents/Developer/Toolchains/XcodeDefault.xctoolchain/usr/lib/clang/14.0.0/include] ==> [/Applications/Xcode.app/Contents/Developer/Toolchains/XcodeDefault.xctoolchain/usr/lib/clang/14.0.0/include]
  collapse include dir [/Applications/Xcode.app/Contents/Developer/Platforms/iPhoneOS.platform/Developer/SDKs/iPhoneOS16.1.sdk/usr/include] ==> [/Applications/Xcode.app/Contents/Developer/Platforms/iPhoneOS.platform/Developer/SDKs/iPhoneOS16.1.sdk/usr/include]
  collapse include dir [/Applications/Xcode.app/Contents/Developer/Toolchains/XcodeDefault.xctoolchain/usr/include] ==> [/Applications/Xcode.app/Contents/Developer/Toolchains/XcodeDefault.xctoolchain/usr/include]
  implicit include dirs: [/Applications/Xcode.app/Contents/Developer/Toolchains/XcodeDefault.xctoolchain/usr/lib/clang/14.0.0/include;/Applications/Xcode.app/Contents/Developer/Platforms/iPhoneOS.platform/Developer/SDKs/iPhoneOS16.1.sdk/usr/include;/Applications/Xcode.app/Contents/Developer/Toolchains/XcodeDefault.xctoolchain/usr/include]


Parsed C implicit link information from above output:
  link line regex: [^( *|.*[/\])(ld|CMAKE_LINK_STARTFILE-NOTFOUND|([^/\]+-)?ld|collect2)[^/\]*( |$)]
  ignore line: [Change Dir: /Users/andrewadmin/Projects/bingo/bingo_road/build_ios/CMakeFiles/CMakeScratch/TryCompile-gU7Lry]
  ignore line: []
  ignore line: [Run Build Command(s):/usr/bin/xcodebuild -project CMAKE_TRY_COMPILE.xcodeproj build -target cmTC_e7fd7 -parallelizeTargets -configuration Debug -hideShellScriptEnvironment && Command line invocation:]
  ignore line: [    /Applications/Xcode.app/Contents/Developer/usr/bin/xcodebuild -project CMAKE_TRY_COMPILE.xcodeproj build -target cmTC_e7fd7 -parallelizeTargets -configuration Debug -hideShellScriptEnvironment]
  ignore line: []
  ignore line: [User defaults from command line:]
  ignore line: [    HideShellScriptEnvironment = YES]
  ignore line: [    IDEPackageSupportUseBuiltinSCM = YES]
  ignore line: []
  ignore line: [Computing target dependency graph and provisioning inputs]
  ignore line: []
  ignore line: [Create build description]
  ignore line: [Build description signature: 8e36486e979d899521c12b8e03a031a3]
  ignore line: [Build description path: /Users/andrewadmin/Projects/bingo/bingo_road/build_ios/CMakeFiles/CMakeScratch/TryCompile-gU7Lry/build/XCBuildData/8e36486e979d899521c12b8e03a031a3-desc.xcbuild]
  ignore line: []
  ignore line: [note: Building targets in dependency order]
  ignore line: [CreateBuildDirectory /Users/andrewadmin/Projects/bingo/bingo_road/build_ios/CMakeFiles/CMakeScratch/TryCompile-gU7Lry/build]
  ignore line: [    cd /Users/andrewadmin/Projects/bingo/bingo_road/build_ios/CMakeFiles/CMakeScratch/TryCompile-gU7Lry/CMAKE_TRY_COMPILE.xcodeproj]
  ignore line: [    builtin-create-build-directory /Users/andrewadmin/Projects/bingo/bingo_road/build_ios/CMakeFiles/CMakeScratch/TryCompile-gU7Lry/build]
  ignore line: []
  ignore line: [CreateBuildDirectory /Users/andrewadmin/Projects/bingo/bingo_road/build_ios/CMakeFiles/CMakeScratch/TryCompile-gU7Lry/Debug]
  ignore line: [    cd /Users/andrewadmin/Projects/bingo/bingo_road/build_ios/CMakeFiles/CMakeScratch/TryCompile-gU7Lry/CMAKE_TRY_COMPILE.xcodeproj]
  ignore line: [    builtin-create-build-directory /Users/andrewadmin/Projects/bingo/bingo_road/build_ios/CMakeFiles/CMakeScratch/TryCompile-gU7Lry/Debug]
  ignore line: []
  ignore line: [CreateBuildDirectory /Users/andrewadmin/Projects/bingo/bingo_road/build_ios/CMakeFiles/CMakeScratch/TryCompile-gU7Lry/build/EagerLinkingTBDs]
  ignore line: [    cd /Users/andrewadmin/Projects/bingo/bingo_road/build_ios/CMakeFiles/CMakeScratch/TryCompile-gU7Lry/CMAKE_TRY_COMPILE.xcodeproj]
  ignore line: [    builtin-create-build-directory /Users/andrewadmin/Projects/bingo/bingo_road/build_ios/CMakeFiles/CMakeScratch/TryCompile-gU7Lry/build/EagerLinkingTBDs]
  ignore line: []
  ignore line: [WriteAuxiliaryFile /Users/andrewadmin/Projects/bingo/bingo_road/build_ios/CMakeFiles/CMakeScratch/TryCompile-gU7Lry/build/cmTC_e7fd7.build/Debug-iphoneos/Objects-normal/arm64/cmTC_e7fd7.LinkFileList (in target 'cmTC_e7fd7' from project 'CMAKE_TRY_COMPILE')]
  ignore line: [    cd /Users/andrewadmin/Projects/bingo/bingo_road/build_ios/CMakeFiles/CMakeScratch/TryCompile-gU7Lry]
  ignore line: [    write-file /Users/andrewadmin/Projects/bingo/bingo_road/build_ios/CMakeFiles/CMakeScratch/TryCompile-gU7Lry/build/cmTC_e7fd7.build/Debug-iphoneos/Objects-normal/arm64/cmTC_e7fd7.LinkFileList]
  ignore line: []
  ignore line: [CompileC /Users/andrewadmin/Projects/bingo/bingo_road/build_ios/CMakeFiles/CMakeScratch/TryCompile-gU7Lry/build/cmTC_e7fd7.build/Debug-iphoneos/Objects-normal/arm64/CMakeCCompilerABI.o /usr/local/Cellar/cmake/3.25.2/share/cmake/Modules/CMakeCCompilerABI.c normal arm64 c com.apple.compilers.llvm.clang.1_0.compiler (in target 'cmTC_e7fd7' from project 'CMAKE_TRY_COMPILE')]
  ignore line: [    cd /Users/andrewadmin/Projects/bingo/bingo_road/build_ios/CMakeFiles/CMakeScratch/TryCompile-gU7Lry]
  ignore line: [    /Applications/Xcode.app/Contents/Developer/Toolchains/XcodeDefault.xctoolchain/usr/bin/clang -x c -target arm64-apple-ios16.1 -fmessage-length\=0 -fdiagnostics-show-note-include-stack -fmacro-backtrace-limit\=0 -Wno-trigraphs -fpascal-strings -O0 -Wno-missing-field-initializers -Wno-missing-prototypes -Wno-return-type -Wno-missing-braces -Wparentheses -Wswitch -Wno-unused-function -Wno-unused-label -Wno-unused-parameter -Wno-unused-variable -Wunused-value -Wno-empty-body -Wno-uninitialized -Wno-unknown-pragmas -Wno-shadow -Wno-four-char-constants -Wno-conversion -Wno-constant-conversion -Wno-int-conversion -Wno-bool-conversion -Wno-enum-conversion -Wno-float-conversion -Wno-non-literal-null-conversion -Wno-objc-literal-conversion -Wshorten-64-to-32 -Wpointer-sign -Wno-newline-eof -Wno-implicit-fallthrough -DCMAKE_INTDIR\=\"Debug-iphoneos\" -isysroot /Applications/Xcode.app/Contents/Developer/Platforms/iPhoneOS.platform/Developer/SDKs/iPhoneOS16.1.sdk -fstrict-aliasing -Wdeprecated-declarations -g -Wno-sign-conversion -Wno-infinite-recursion -Wno-comma -Wno-block-capture-autoreleasing -Wno-strict-prototypes -Wno-semicolon-before-method-body -I/Users/andrewadmin/Projects/bingo/bingo_road/build_ios/CMakeFiles/CMakeScratch/TryCompile-gU7Lry/Debug/include -I/Users/andrewadmin/Projects/bingo/bingo_road/build_ios/CMakeFiles/CMakeScratch/TryCompile-gU7Lry/build/cmTC_e7fd7.build/Debug-iphoneos/DerivedSources-normal/arm64 -I/Users/andrewadmin/Projects/bingo/bingo_road/build_ios/CMakeFiles/CMakeScratch/TryCompile-gU7Lry/build/cmTC_e7fd7.build/Debug-iphoneos/DerivedSources/arm64 -I/Users/andrewadmin/Projects/bingo/bingo_road/build_ios/CMakeFiles/CMakeScratch/TryCompile-gU7Lry/build/cmTC_e7fd7.build/Debug-iphoneos/DerivedSources -F/Users/andrewadmin/Projects/bingo/bingo_road/build_ios/CMakeFiles/CMakeScratch/TryCompile-gU7Lry/Debug -v -Wl -v -MMD -MT dependencies -MF /Users/andrewadmin/Projects/bingo/bingo_road/build_ios/CMakeFiles/CMakeScratch/TryCompile-gU7Lry/build/cmTC_e7fd7.build/Debug-iphoneos/Objects-normal/arm64/CMakeCCompilerABI.d --serialize-diagnostics /Users/andrewadmin/Projects/bingo/bingo_road/build_ios/CMakeFiles/CMakeScratch/TryCompile-gU7Lry/build/cmTC_e7fd7.build/Debug-iphoneos/Objects-normal/arm64/CMakeCCompilerABI.dia -c /usr/local/Cellar/cmake/3.25.2/share/cmake/Modules/CMakeCCompilerABI.c -o /Users/andrewadmin/Projects/bingo/bingo_road/build_ios/CMakeFiles/CMakeScratch/TryCompile-gU7Lry/build/cmTC_e7fd7.build/Debug-iphoneos/Objects-normal/arm64/CMakeCCompilerABI.o]
  ignore line: [Apple clang version 14.0.0 (clang-1400.0.29.202)]
  ignore line: [Target: arm64-apple-ios16.1]
  ignore line: [Thread model: posix]
  ignore line: [InstalledDir: /Applications/Xcode.app/Contents/Developer/Toolchains/XcodeDefault.xctoolchain/usr/bin]
  ignore line: [clang: warning: -Wl -v: 'linker' input unused [-Wunused-command-line-argument]]
  ignore line: [ "/Applications/Xcode.app/Contents/Developer/Toolchains/XcodeDefault.xctoolchain/usr/bin/clang" -cc1 -triple arm64-apple-ios16.1.0 -Wundef-prefix=TARGET_OS_ -Wdeprecated-objc-isa-usage -Werror=deprecated-objc-isa-usage -Werror=implicit-function-declaration -emit-obj -mrelax-all --mrelax-relocations -disable-free -clear-ast-before-backend -disable-llvm-verifier -discard-value-names -main-file-name CMakeCCompilerABI.c -mrelocation-model pic -pic-level 2 -mframe-pointer=non-leaf -fno-strict-return -fno-rounding-math -funwind-tables=2 -fobjc-msgsend-selector-stubs -target-sdk-version=16.1 -fvisibility-inlines-hidden-static-local-var -target-cpu apple-a7 -target-feature +fp-armv8 -target-feature +neon -target-feature +crypto -target-feature +zcm -target-feature +zcz -target-feature +sha2 -target-feature +aes -target-abi darwinpcs -fallow-half-arguments-and-returns -debug-info-kind=standalone -dwarf-version=4 -debugger-tuning=lldb -target-linker-version 820.1 -v -resource-dir /Applications/Xcode.app/Contents/Developer/Toolchains/XcodeDefault.xctoolchain/usr/lib/clang/14.0.0 -dependency-file /Users/andrewadmin/Projects/bingo/bingo_road/build_ios/CMakeFiles/CMakeScratch/TryCompile-gU7Lry/build/cmTC_e7fd7.build/Debug-iphoneos/Objects-normal/arm64/CMakeCCompilerABI.d -skip-unused-modulemap-deps -MT dependencies -isysroot /Applications/Xcode.app/Contents/Developer/Platforms/iPhoneOS.platform/Developer/SDKs/iPhoneOS16.1.sdk -D "CMAKE_INTDIR=\"Debug-iphoneos\"" -I /Users/andrewadmin/Projects/bingo/bingo_road/build_ios/CMakeFiles/CMakeScratch/TryCompile-gU7Lry/Debug/include -I /Users/andrewadmin/Projects/bingo/bingo_road/build_ios/CMakeFiles/CMakeScratch/TryCompile-gU7Lry/build/cmTC_e7fd7.build/Debug-iphoneos/DerivedSources-normal/arm64 -I /Users/andrewadmin/Projects/bingo/bingo_road/build_ios/CMakeFiles/CMakeScratch/TryCompile-gU7Lry/build/cmTC_e7fd7.build/Debug-iphoneos/DerivedSources/arm64 -I /Users/andrewadmin/Projects/bingo/bingo_road/build_ios/CMakeFiles/CMakeScratch/TryCompile-gU7Lry/build/cmTC_e7fd7.build/Debug-iphoneos/DerivedSources -F/Users/andrewadmin/Projects/bingo/bingo_road/build_ios/CMakeFiles/CMakeScratch/TryCompile-gU7Lry/Debug -internal-isystem /Applications/Xcode.app/Contents/Developer/Platforms/iPhoneOS.platform/Developer/SDKs/iPhoneOS16.1.sdk/usr/local/include -internal-isystem /Applications/Xcode.app/Contents/Developer/Toolchains/XcodeDefault.xctoolchain/usr/lib/clang/14.0.0/include -internal-externc-isystem /Applications/Xcode.app/Contents/Developer/Platforms/iPhoneOS.platform/Developer/SDKs/iPhoneOS16.1.sdk/usr/include -internal-externc-isystem /Applications/Xcode.app/Contents/Developer/Toolchains/XcodeDefault.xctoolchain/usr/include -O0 -Wno-trigraphs -Wno-missing-field-initializers -Wno-missing-prototypes -Wno-return-type -Wno-missing-braces -Wparentheses -Wswitch -Wno-unused-function -Wno-unused-label -Wno-unused-parameter -Wno-unused-variable -Wunused-value -Wno-empty-body -Wno-uninitialized -Wno-unknown-pragmas -Wno-shadow -Wno-four-char-constants -Wno-conversion -Wno-constant-conversion -Wno-int-conversion -Wno-bool-conversion -Wno-enum-conversion -Wno-float-conversion -Wno-non-literal-null-conversion -Wno-objc-literal-conversion -Wshorten-64-to-32 -Wpointer-sign -Wno-newline-eof -Wno-implicit-fallthrough -Wdeprecated-declarations -Wno-sign-conversion -Wno-infinite-recursion -Wno-comma -Wno-block-capture-autoreleasing -Wno-strict-prototypes -Wno-semicolon-before-method-body -Wno-reorder-init-list -Wno-implicit-int-float-conversion -Wno-c99-designator -Wno-final-dtor-non-final-class -Wno-extra-semi-stmt -Wno-misleading-indentation -Wno-quoted-include-in-framework-header -Wno-implicit-fallthrough -Wno-enum-enum-conversion -Wno-enum-float-conversion -Wno-elaborated-enum-base -Wno-reserved-identifier -Wno-gnu-folding-constant -Wno-cast-function-type -Wno-bitwise-instead-of-logical -fdebug-compilation-dir=/Users/andrewadmin/Projects/bingo/bingo_road/build_ios/CMakeFiles/CMakeScratch/TryCompile-gU7Lry -ferror-limit 19 -fmacro-backtrace-limit 0 -stack-protector 1 -fstack-check -mdarwin-stkchk-strong-link -fblocks -fencode-extended-block-signature -fregister-global-dtors-with-atexit -fgnuc-version=4.2.1 -fpascal-strings -fmax-type-align=16 -fcommon -fdiagnostics-show-note-include-stack -serialize-diagnostic-file /Users/andrewadmin/Projects/bingo/bingo_road/build_ios/CMakeFiles/CMakeScratch/TryCompile-gU7Lry/build/cmTC_e7fd7.build/Debug-iphoneos/Objects-normal/arm64/CMakeCCompilerABI.dia -clang-vendor-feature=+messageToSelfInClassMethodIdReturnType -clang-vendor-feature=+disableInferNewAvailabilityFromInit -clang-vendor-feature=+disableNonDependentMemberExprInCurrentInstantiation -fno-odr-hash-protocols -clang-vendor-feature=+enableAggressiveVLAFolding -clang-vendor-feature=+revert09abecef7bbf -clang-vendor-feature=+thisNoAlignAttr -clang-vendor-feature=+thisNoNullAttr -mllvm -disable-aligned-alloc-awareness=1 -D__GCC_HAVE_DWARF2_CFI_ASM=1 -o /Users/andrewadmin/Projects/bingo/bingo_road/build_ios/CMakeFiles/CMakeScratch/TryCompile-gU7Lry/build/cmTC_e7fd7.build/Debug-iphoneos/Objects-normal/arm64/CMakeCCompilerABI.o -x c /usr/local/Cellar/cmake/3.25.2/share/cmake/Modules/CMakeCCompilerABI.c]
  ignore line: [clang -cc1 version 14.0.0 (clang-1400.0.29.202) default target x86_64-apple-darwin21.6.0]
  ignore line: [ignoring nonexistent directory "/Users/andrewadmin/Projects/bingo/bingo_road/build_ios/CMakeFiles/CMakeScratch/TryCompile-gU7Lry/Debug/include"]
  ignore line: [ignoring nonexistent directory "/Users/andrewadmin/Projects/bingo/bingo_road/build_ios/CMakeFiles/CMakeScratch/TryCompile-gU7Lry/build/cmTC_e7fd7.build/Debug-iphoneos/DerivedSources-normal/arm64"]
  ignore line: [ignoring nonexistent directory "/Users/andrewadmin/Projects/bingo/bingo_road/build_ios/CMakeFiles/CMakeScratch/TryCompile-gU7Lry/build/cmTC_e7fd7.build/Debug-iphoneos/DerivedSources/arm64"]
  ignore line: [ignoring nonexistent directory "/Users/andrewadmin/Projects/bingo/bingo_road/build_ios/CMakeFiles/CMakeScratch/TryCompile-gU7Lry/build/cmTC_e7fd7.build/Debug-iphoneos/DerivedSources"]
  ignore line: [ignoring nonexistent directory "/Applications/Xcode.app/Contents/Developer/Platforms/iPhoneOS.platform/Developer/SDKs/iPhoneOS16.1.sdk/usr/local/include"]
  ignore line: [ignoring nonexistent directory "/Applications/Xcode.app/Contents/Developer/Platforms/iPhoneOS.platform/Developer/SDKs/iPhoneOS16.1.sdk/Library/Frameworks"]
  ignore line: [#include "..." search starts here:]
  ignore line: [#include <...> search starts here:]
  ignore line: [ /Users/andrewadmin/Projects/bingo/bingo_road/build_ios/CMakeFiles/CMakeScratch/TryCompile-gU7Lry/Debug (framework directory)]
  ignore line: [ /Applications/Xcode.app/Contents/Developer/Toolchains/XcodeDefault.xctoolchain/usr/lib/clang/14.0.0/include]
  ignore line: [ /Applications/Xcode.app/Contents/Developer/Platforms/iPhoneOS.platform/Developer/SDKs/iPhoneOS16.1.sdk/usr/include]
  ignore line: [ /Applications/Xcode.app/Contents/Developer/Toolchains/XcodeDefault.xctoolchain/usr/include]
  ignore line: [ /Applications/Xcode.app/Contents/Developer/Platforms/iPhoneOS.platform/Developer/SDKs/iPhoneOS16.1.sdk/System/Library/Frameworks (framework directory)]
  ignore line: [End of search list.]
  ignore line: []
  ignore line: [Libtool /Users/andrewadmin/Projects/bingo/bingo_road/build_ios/CMakeFiles/CMakeScratch/TryCompile-gU7Lry/Debug/libcmTC_e7fd7.a normal (in target 'cmTC_e7fd7' from project 'CMAKE_TRY_COMPILE')]
  ignore line: [    cd /Users/andrewadmin/Projects/bingo/bingo_road/build_ios/CMakeFiles/CMakeScratch/TryCompile-gU7Lry]
  ignore line: [    /Applications/Xcode.app/Contents/Developer/Toolchains/XcodeDefault.xctoolchain/usr/bin/libtool -static -arch_only arm64 -D -syslibroot /Applications/Xcode.app/Contents/Developer/Platforms/iPhoneOS.platform/Developer/SDKs/iPhoneOS16.1.sdk -L/Users/andrewadmin/Projects/bingo/bingo_road/build_ios/CMakeFiles/CMakeScratch/TryCompile-gU7Lry/Debug -filelist /Users/andrewadmin/Projects/bingo/bingo_road/build_ios/CMakeFiles/CMakeScratch/TryCompile-gU7Lry/build/cmTC_e7fd7.build/Debug-iphoneos/Objects-normal/arm64/cmTC_e7fd7.LinkFileList -dependency_info /Users/andrewadmin/Projects/bingo/bingo_road/build_ios/CMakeFiles/CMakeScratch/TryCompile-gU7Lry/build/cmTC_e7fd7.build/Debug-iphoneos/Objects-normal/arm64/cmTC_e7fd7_libtool_dependency_info.dat -o /Users/andrewadmin/Projects/bingo/bingo_road/build_ios/CMakeFiles/CMakeScratch/TryCompile-gU7Lry/Debug/libcmTC_e7fd7.a]
  ignore line: []
  ignore line: [** BUILD SUCCEEDED **]
  ignore line: []
  ignore line: []
  ignore line: []
  implicit libs: []
  implicit objs: []
  implicit dirs: []
  implicit fwks: []


Detecting CXX compiler ABI info compiled with the following output:
Change Dir: /Users/andrewadmin/Projects/bingo/bingo_road/build_ios/CMakeFiles/CMakeScratch/TryCompile-87wKwa

Run Build Command(s):/usr/bin/xcodebuild -project CMAKE_TRY_COMPILE.xcodeproj build -target cmTC_06a45 -parallelizeTargets -configuration Debug -hideShellScriptEnvironment && Command line invocation:
    /Applications/Xcode.app/Contents/Developer/usr/bin/xcodebuild -project CMAKE_TRY_COMPILE.xcodeproj build -target cmTC_06a45 -parallelizeTargets -configuration Debug -hideShellScriptEnvironment

User defaults from command line:
    HideShellScriptEnvironment = YES
    IDEPackageSupportUseBuiltinSCM = YES

Computing target dependency graph and provisioning inputs

Create build description
Build description signature: 864501bfaa38b1df2362430c7de51dae
Build description path: /Users/andrewadmin/Projects/bingo/bingo_road/build_ios/CMakeFiles/CMakeScratch/TryCompile-87wKwa/build/XCBuildData/864501bfaa38b1df2362430c7de51dae-desc.xcbuild

note: Building targets in dependency order
CreateBuildDirectory /Users/andrewadmin/Projects/bingo/bingo_road/build_ios/CMakeFiles/CMakeScratch/TryCompile-87wKwa/build
    cd /Users/andrewadmin/Projects/bingo/bingo_road/build_ios/CMakeFiles/CMakeScratch/TryCompile-87wKwa/CMAKE_TRY_COMPILE.xcodeproj
    builtin-create-build-directory /Users/andrewadmin/Projects/bingo/bingo_road/build_ios/CMakeFiles/CMakeScratch/TryCompile-87wKwa/build

CreateBuildDirectory /Users/andrewadmin/Projects/bingo/bingo_road/build_ios/CMakeFiles/CMakeScratch/TryCompile-87wKwa/Debug
    cd /Users/andrewadmin/Projects/bingo/bingo_road/build_ios/CMakeFiles/CMakeScratch/TryCompile-87wKwa/CMAKE_TRY_COMPILE.xcodeproj
    builtin-create-build-directory /Users/andrewadmin/Projects/bingo/bingo_road/build_ios/CMakeFiles/CMakeScratch/TryCompile-87wKwa/Debug

CreateBuildDirectory /Users/andrewadmin/Projects/bingo/bingo_road/build_ios/CMakeFiles/CMakeScratch/TryCompile-87wKwa/build/EagerLinkingTBDs
    cd /Users/andrewadmin/Projects/bingo/bingo_road/build_ios/CMakeFiles/CMakeScratch/TryCompile-87wKwa/CMAKE_TRY_COMPILE.xcodeproj
    builtin-create-build-directory /Users/andrewadmin/Projects/bingo/bingo_road/build_ios/CMakeFiles/CMakeScratch/TryCompile-87wKwa/build/EagerLinkingTBDs

WriteAuxiliaryFile /Users/andrewadmin/Projects/bingo/bingo_road/build_ios/CMakeFiles/CMakeScratch/TryCompile-87wKwa/build/cmTC_06a45.build/Debug-iphoneos/Objects-normal/arm64/cmTC_06a45.LinkFileList (in target 'cmTC_06a45' from project 'CMAKE_TRY_COMPILE')
    cd /Users/andrewadmin/Projects/bingo/bingo_road/build_ios/CMakeFiles/CMakeScratch/TryCompile-87wKwa
    write-file /Users/andrewadmin/Projects/bingo/bingo_road/build_ios/CMakeFiles/CMakeScratch/TryCompile-87wKwa/build/cmTC_06a45.build/Debug-iphoneos/Objects-normal/arm64/cmTC_06a45.LinkFileList

CompileC /Users/andrewadmin/Projects/bingo/bingo_road/build_ios/CMakeFiles/CMakeScratch/TryCompile-87wKwa/build/cmTC_06a45.build/Debug-iphoneos/Objects-normal/arm64/CMakeCXXCompilerABI.o /usr/local/Cellar/cmake/3.25.2/share/cmake/Modules/CMakeCXXCompilerABI.cpp normal arm64 c++ com.apple.compilers.llvm.clang.1_0.compiler (in target 'cmTC_06a45' from project 'CMAKE_TRY_COMPILE')
    cd /Users/andrewadmin/Projects/bingo/bingo_road/build_ios/CMakeFiles/CMakeScratch/TryCompile-87wKwa
    /Applications/Xcode.app/Contents/Developer/Toolchains/XcodeDefault.xctoolchain/usr/bin/clang -x c++ -target arm64-apple-ios16.1 -fmessage-length\=0 -fdiagnostics-show-note-include-stack -fmacro-backtrace-limit\=0 -Wno-trigraphs -fpascal-strings -O0 -Wno-missing-field-initializers -Wno-missing-prototypes -Wno-return-type -Wno-non-virtual-dtor -Wno-overloaded-virtual -Wno-exit-time-destructors -Wno-missing-braces -Wparentheses -Wswitch -Wno-unused-function -Wno-unused-label -Wno-unused-parameter -Wno-unused-variable -Wunused-value -Wno-empty-body -Wno-uninitialized -Wno-unknown-pragmas -Wno-shadow -Wno-four-char-constants -Wno-conversion -Wno-constant-conversion -Wno-int-conversion -Wno-bool-conversion -Wno-enum-conversion -Wno-float-conversion -Wno-non-literal-null-conversion -Wno-objc-literal-conversion -Wshorten-64-to-32 -Wno-newline-eof -Wno-c++11-extensions -Wno-implicit-fallthrough -DCMAKE_INTDIR\=\"Debug-iphoneos\" -isysroot /Applications/Xcode.app/Contents/Developer/Platforms/iPhoneOS.platform/Developer/SDKs/iPhoneOS16.1.sdk -fstrict-aliasing -Wdeprecated-declarations -Winvalid-offsetof -g -Wno-sign-conversion -Wno-infinite-recursion -Wno-move -Wno-comma -Wno-block-capture-autoreleasing -Wno-strict-prototypes -Wno-range-loop-analysis -Wno-semicolon-before-method-body -I/Users/andrewadmin/Projects/bingo/bingo_road/build_ios/CMakeFiles/CMakeScratch/TryCompile-87wKwa/Debug/include -I/Users/andrewadmin/Projects/bingo/bingo_road/build_ios/CMakeFiles/CMakeScratch/TryCompile-87wKwa/build/cmTC_06a45.build/Debug-iphoneos/DerivedSources-normal/arm64 -I/Users/andrewadmin/Projects/bingo/bingo_road/build_ios/CMakeFiles/CMakeScratch/TryCompile-87wKwa/build/cmTC_06a45.build/Debug-iphoneos/DerivedSources/arm64 -I/Users/andrewadmin/Projects/bingo/bingo_road/build_ios/CMakeFiles/CMakeScratch/TryCompile-87wKwa/build/cmTC_06a45.build/Debug-iphoneos/DerivedSources -F/Users/andrewadmin/Projects/bingo/bingo_road/build_ios/CMakeFiles/CMakeScratch/TryCompile-87wKwa/Debug -v -Wl,-v -MMD -MT dependencies -MF /Users/andrewadmin/Projects/bingo/bingo_road/build_ios/CMakeFiles/CMakeScratch/TryCompile-87wKwa/build/cmTC_06a45.build/Debug-iphoneos/Objects-normal/arm64/CMakeCXXCompilerABI.d --serialize-diagnostics /Users/andrewadmin/Projects/bingo/bingo_road/build_ios/CMakeFiles/CMakeScratch/TryCompile-87wKwa/build/cmTC_06a45.build/Debug-iphoneos/Objects-normal/arm64/CMakeCXXCompilerABI.dia -c /usr/local/Cellar/cmake/3.25.2/share/cmake/Modules/CMakeCXXCompilerABI.cpp -o /Users/andrewadmin/Projects/bingo/bingo_road/build_ios/CMakeFiles/CMakeScratch/TryCompile-87wKwa/build/cmTC_06a45.build/Debug-iphoneos/Objects-normal/arm64/CMakeCXXCompilerABI.o
Apple clang version 14.0.0 (clang-1400.0.29.202)
Target: arm64-apple-ios16.1
Thread model: posix
InstalledDir: /Applications/Xcode.app/Contents/Developer/Toolchains/XcodeDefault.xctoolchain/usr/bin
clang: warning: -Wl,-v: 'linker' input unused [-Wunused-command-line-argument]
 "/Applications/Xcode.app/Contents/Developer/Toolchains/XcodeDefault.xctoolchain/usr/bin/clang" -cc1 -triple arm64-apple-ios16.1.0 -Wundef-prefix=TARGET_OS_ -Wdeprecated-objc-isa-usage -Werror=deprecated-objc-isa-usage -Werror=implicit-function-declaration -emit-obj -mrelax-all --mrelax-relocations -disable-free -clear-ast-before-backend -disable-llvm-verifier -discard-value-names -main-file-name CMakeCXXCompilerABI.cpp -mrelocation-model pic -pic-level 2 -mframe-pointer=non-leaf -fno-strict-return -fno-rounding-math -funwind-tables=2 -fobjc-msgsend-selector-stubs -target-sdk-version=16.1 -fvisibility-inlines-hidden-static-local-var -target-cpu apple-a7 -target-feature +fp-armv8 -target-feature +neon -target-feature +crypto -target-feature +zcm -target-feature +zcz -target-feature +sha2 -target-feature +aes -target-abi darwinpcs -fallow-half-arguments-and-returns -debug-info-kind=standalone -dwarf-version=4 -debugger-tuning=lldb -target-linker-version 820.1 -v -resource-dir /Applications/Xcode.app/Contents/Developer/Toolchains/XcodeDefault.xctoolchain/usr/lib/clang/14.0.0 -dependency-file /Users/andrewadmin/Projects/bingo/bingo_road/build_ios/CMakeFiles/CMakeScratch/TryCompile-87wKwa/build/cmTC_06a45.build/Debug-iphoneos/Objects-normal/arm64/CMakeCXXCompilerABI.d -skip-unused-modulemap-deps -MT dependencies -isysroot /Applications/Xcode.app/Contents/Developer/Platforms/iPhoneOS.platform/Developer/SDKs/iPhoneOS16.1.sdk -D "CMAKE_INTDIR=\"Debug-iphoneos\"" -I /Users/andrewadmin/Projects/bingo/bingo_road/build_ios/CMakeFiles/CMakeScratch/TryCompile-87wKwa/Debug/include -I /Users/andrewadmin/Projects/bingo/bingo_road/build_ios/CMakeFiles/CMakeScratch/TryCompile-87wKwa/build/cmTC_06a45.build/Debug-iphoneos/DerivedSources-normal/arm64 -I /Users/andrewadmin/Projects/bingo/bingo_road/build_ios/CMakeFiles/CMakeScratch/TryCompile-87wKwa/build/cmTC_06a45.build/Debug-iphoneos/DerivedSources/arm64 -I /Users/andrewadmin/Projects/bingo/bingo_road/build_ios/CMakeFiles/CMakeScratch/TryCompile-87wKwa/build/cmTC_06a45.build/Debug-iphoneos/DerivedSources -F/Users/andrewadmin/Projects/bingo/bingo_road/build_ios/CMakeFiles/CMakeScratch/TryCompile-87wKwa/Debug -stdlib=libc++ -internal-isystem /Applications/Xcode.app/Contents/Developer/Platforms/iPhoneOS.platform/Developer/SDKs/iPhoneOS16.1.sdk/usr/include/c++/v1 -internal-isystem /Applications/Xcode.app/Contents/Developer/Platforms/iPhoneOS.platform/Developer/SDKs/iPhoneOS16.1.sdk/usr/local/include -internal-isystem /Applications/Xcode.app/Contents/Developer/Toolchains/XcodeDefault.xctoolchain/usr/lib/clang/14.0.0/include -internal-externc-isystem /Applications/Xcode.app/Contents/Developer/Platforms/iPhoneOS.platform/Developer/SDKs/iPhoneOS16.1.sdk/usr/include -internal-externc-isystem /Applications/Xcode.app/Contents/Developer/Toolchains/XcodeDefault.xctoolchain/usr/include -O0 -Wno-trigraphs -Wno-missing-field-initializers -Wno-missing-prototypes -Wno-return-type -Wno-non-virtual-dtor -Wno-overloaded-virtual -Wno-exit-time-destructors -Wno-missing-braces -Wparentheses -Wswitch -Wno-unused-function -Wno-unused-label -Wno-unused-parameter -Wno-unused-variable -Wunused-value -Wno-empty-body -Wno-uninitialized -Wno-unknown-pragmas -Wno-shadow -Wno-four-char-constants -Wno-conversion -Wno-constant-conversion -Wno-int-conversion -Wno-bool-conversion -Wno-enum-conversion -Wno-float-conversion -Wno-non-literal-null-conversion -Wno-objc-literal-conversion -Wshorten-64-to-32 -Wno-newline-eof -Wno-c++11-extensions -Wno-implicit-fallthrough -Wdeprecated-declarations -Winvalid-offsetof -Wno-sign-conversion -Wno-infinite-recursion -Wno-move -Wno-comma -Wno-block-capture-autoreleasing -Wno-strict-prototypes -Wno-range-loop-analysis -Wno-semicolon-before-method-body -Wno-reorder-init-list -Wno-implicit-int-float-conversion -Wno-c99-designator -Wno-final-dtor-non-final-class -Wno-extra-semi-stmt -Wno-misleading-indentation -Wno-quoted-include-in-framework-header -Wno-implicit-fallthrough -Wno-enum-enum-conversion -Wno-enum-float-conversion -Wno-elaborated-enum-base -Wno-reserved-identifier -Wno-gnu-folding-constant -Wno-cast-function-type -Wno-bitwise-instead-of-logical -fdeprecated-macro -fdebug-compilation-dir=/Users/andrewadmin/Projects/bingo/bingo_road/build_ios/CMakeFiles/CMakeScratch/TryCompile-87wKwa -ferror-limit 19 -fmacro-backtrace-limit 0 -stack-protector 1 -fstack-check -mdarwin-stkchk-strong-link -fblocks -fencode-extended-block-signature -fregister-global-dtors-with-atexit -fgnuc-version=4.2.1 -fno-cxx-modules -fcxx-exceptions -fexceptions -fpascal-strings -fmax-type-align=16 -fcommon -fdiagnostics-show-note-include-stack -serialize-diagnostic-file /Users/andrewadmin/Projects/bingo/bingo_road/build_ios/CMakeFiles/CMakeScratch/TryCompile-87wKwa/build/cmTC_06a45.build/Debug-iphoneos/Objects-normal/arm64/CMakeCXXCompilerABI.dia -clang-vendor-feature=+messageToSelfInClassMethodIdReturnType -clang-vendor-feature=+disableInferNewAvailabilityFromInit -clang-vendor-feature=+disableNonDependentMemberExprInCurrentInstantiation -fno-odr-hash-protocols -clang-vendor-feature=+enableAggressiveVLAFolding -clang-vendor-feature=+revert09abecef7bbf -clang-vendor-feature=+thisNoAlignAttr -clang-vendor-feature=+thisNoNullAttr -mllvm -disable-aligned-alloc-awareness=1 -D__GCC_HAVE_DWARF2_CFI_ASM=1 -o /Users/andrewadmin/Projects/bingo/bingo_road/build_ios/CMakeFiles/CMakeScratch/TryCompile-87wKwa/build/cmTC_06a45.build/Debug-iphoneos/Objects-normal/arm64/CMakeCXXCompilerABI.o -x c++ /usr/local/Cellar/cmake/3.25.2/share/cmake/Modules/CMakeCXXCompilerABI.cpp
clang -cc1 version 14.0.0 (clang-1400.0.29.202) default target x86_64-apple-darwin21.6.0
ignoring nonexistent directory "/Users/andrewadmin/Projects/bingo/bingo_road/build_ios/CMakeFiles/CMakeScratch/TryCompile-87wKwa/Debug/include"
ignoring nonexistent directory "/Users/andrewadmin/Projects/bingo/bingo_road/build_ios/CMakeFiles/CMakeScratch/TryCompile-87wKwa/build/cmTC_06a45.build/Debug-iphoneos/DerivedSources-normal/arm64"
ignoring nonexistent directory "/Users/andrewadmin/Projects/bingo/bingo_road/build_ios/CMakeFiles/CMakeScratch/TryCompile-87wKwa/build/cmTC_06a45.build/Debug-iphoneos/DerivedSources/arm64"
ignoring nonexistent directory "/Users/andrewadmin/Projects/bingo/bingo_road/build_ios/CMakeFiles/CMakeScratch/TryCompile-87wKwa/build/cmTC_06a45.build/Debug-iphoneos/DerivedSources"
ignoring nonexistent directory "/Applications/Xcode.app/Contents/Developer/Platforms/iPhoneOS.platform/Developer/SDKs/iPhoneOS16.1.sdk/usr/local/include"
ignoring nonexistent directory "/Applications/Xcode.app/Contents/Developer/Platforms/iPhoneOS.platform/Developer/SDKs/iPhoneOS16.1.sdk/Library/Frameworks"
#include "..." search starts here:
#include <...> search starts here:
 /Users/andrewadmin/Projects/bingo/bingo_road/build_ios/CMakeFiles/CMakeScratch/TryCompile-87wKwa/Debug (framework directory)
 /Applications/Xcode.app/Contents/Developer/Platforms/iPhoneOS.platform/Developer/SDKs/iPhoneOS16.1.sdk/usr/include/c++/v1
 /Applications/Xcode.app/Contents/Developer/Toolchains/XcodeDefault.xctoolchain/usr/lib/clang/14.0.0/include
 /Applications/Xcode.app/Contents/Developer/Platforms/iPhoneOS.platform/Developer/SDKs/iPhoneOS16.1.sdk/usr/include
 /Applications/Xcode.app/Contents/Developer/Toolchains/XcodeDefault.xctoolchain/usr/include
 /Applications/Xcode.app/Contents/Developer/Platforms/iPhoneOS.platform/Developer/SDKs/iPhoneOS16.1.sdk/System/Library/Frameworks (framework directory)
End of search list.

Libtool /Users/andrewadmin/Projects/bingo/bingo_road/build_ios/CMakeFiles/CMakeScratch/TryCompile-87wKwa/Debug/libcmTC_06a45.a normal (in target 'cmTC_06a45' from project 'CMAKE_TRY_COMPILE')
    cd /Users/andrewadmin/Projects/bingo/bingo_road/build_ios/CMakeFiles/CMakeScratch/TryCompile-87wKwa
    /Applications/Xcode.app/Contents/Developer/Toolchains/XcodeDefault.xctoolchain/usr/bin/libtool -static -arch_only arm64 -D -syslibroot /Applications/Xcode.app/Contents/Developer/Platforms/iPhoneOS.platform/Developer/SDKs/iPhoneOS16.1.sdk -L/Users/andrewadmin/Projects/bingo/bingo_road/build_ios/CMakeFiles/CMakeScratch/TryCompile-87wKwa/Debug -filelist /Users/andrewadmin/Projects/bingo/bingo_road/build_ios/CMakeFiles/CMakeScratch/TryCompile-87wKwa/build/cmTC_06a45.build/Debug-iphoneos/Objects-normal/arm64/cmTC_06a45.LinkFileList -dependency_info /Users/andrewadmin/Projects/bingo/bingo_road/build_ios/CMakeFiles/CMakeScratch/TryCompile-87wKwa/build/cmTC_06a45.build/Debug-iphoneos/Objects-normal/arm64/cmTC_06a45_libtool_dependency_info.dat -o /Users/andrewadmin/Projects/bingo/bingo_road/build_ios/CMakeFiles/CMakeScratch/TryCompile-87wKwa/Debug/libcmTC_06a45.a

** BUILD SUCCEEDED **




Parsed CXX implicit include dir info from above output: rv=done
  found start of include info
  found start of implicit include info
    add: [/Applications/Xcode.app/Contents/Developer/Platforms/iPhoneOS.platform/Developer/SDKs/iPhoneOS16.1.sdk/usr/include/c++/v1]
    add: [/Applications/Xcode.app/Contents/Developer/Toolchains/XcodeDefault.xctoolchain/usr/lib/clang/14.0.0/include]
    add: [/Applications/Xcode.app/Contents/Developer/Platforms/iPhoneOS.platform/Developer/SDKs/iPhoneOS16.1.sdk/usr/include]
    add: [/Applications/Xcode.app/Contents/Developer/Toolchains/XcodeDefault.xctoolchain/usr/include]
  end of search list found
  collapse include dir [/Applications/Xcode.app/Contents/Developer/Platforms/iPhoneOS.platform/Developer/SDKs/iPhoneOS16.1.sdk/usr/include/c++/v1] ==> [/Applications/Xcode.app/Contents/Developer/Platforms/iPhoneOS.platform/Developer/SDKs/iPhoneOS16.1.sdk/usr/include/c++/v1]
  collapse include dir [/Applications/Xcode.app/Contents/Developer/Toolchains/XcodeDefault.xctoolchain/usr/lib/clang/14.0.0/include] ==> [/Applications/Xcode.app/Contents/Developer/Toolchains/XcodeDefault.xctoolchain/usr/lib/clang/14.0.0/include]
  collapse include dir [/Applications/Xcode.app/Contents/Developer/Platforms/iPhoneOS.platform/Developer/SDKs/iPhoneOS16.1.sdk/usr/include] ==> [/Applications/Xcode.app/Contents/Developer/Platforms/iPhoneOS.platform/Developer/SDKs/iPhoneOS16.1.sdk/usr/include]
  collapse include dir [/Applications/Xcode.app/Contents/Developer/Toolchains/XcodeDefault.xctoolchain/usr/include] ==> [/Applications/Xcode.app/Contents/Developer/Toolchains/XcodeDefault.xctoolchain/usr/include]
  implicit include dirs: [/Applications/Xcode.app/Contents/Developer/Platforms/iPhoneOS.platform/Developer/SDKs/iPhoneOS16.1.sdk/usr/include/c++/v1;/Applications/Xcode.app/Contents/Developer/Toolchains/XcodeDefault.xctoolchain/usr/lib/clang/14.0.0/include;/Applications/Xcode.app/Contents/Developer/Platforms/iPhoneOS.platform/Developer/SDKs/iPhoneOS16.1.sdk/usr/include;/Applications/Xcode.app/Contents/Developer/Toolchains/XcodeDefault.xctoolchain/usr/include]


Parsed CXX implicit link information from above output:
  link line regex: [^( *|.*[/\])(ld|CMAKE_LINK_STARTFILE-NOTFOUND|([^/\]+-)?ld|collect2)[^/\]*( |$)]
  ignore line: [Change Dir: /Users/andrewadmin/Projects/bingo/bingo_road/build_ios/CMakeFiles/CMakeScratch/TryCompile-87wKwa]
  ignore line: []
  ignore line: [Run Build Command(s):/usr/bin/xcodebuild -project CMAKE_TRY_COMPILE.xcodeproj build -target cmTC_06a45 -parallelizeTargets -configuration Debug -hideShellScriptEnvironment && Command line invocation:]
  ignore line: [    /Applications/Xcode.app/Contents/Developer/usr/bin/xcodebuild -project CMAKE_TRY_COMPILE.xcodeproj build -target cmTC_06a45 -parallelizeTargets -configuration Debug -hideShellScriptEnvironment]
  ignore line: []
  ignore line: [User defaults from command line:]
  ignore line: [    HideShellScriptEnvironment = YES]
  ignore line: [    IDEPackageSupportUseBuiltinSCM = YES]
  ignore line: []
  ignore line: [Computing target dependency graph and provisioning inputs]
  ignore line: []
  ignore line: [Create build description]
  ignore line: [Build description signature: 864501bfaa38b1df2362430c7de51dae]
  ignore line: [Build description path: /Users/andrewadmin/Projects/bingo/bingo_road/build_ios/CMakeFiles/CMakeScratch/TryCompile-87wKwa/build/XCBuildData/864501bfaa38b1df2362430c7de51dae-desc.xcbuild]
  ignore line: []
  ignore line: [note: Building targets in dependency order]
  ignore line: [CreateBuildDirectory /Users/andrewadmin/Projects/bingo/bingo_road/build_ios/CMakeFiles/CMakeScratch/TryCompile-87wKwa/build]
  ignore line: [    cd /Users/andrewadmin/Projects/bingo/bingo_road/build_ios/CMakeFiles/CMakeScratch/TryCompile-87wKwa/CMAKE_TRY_COMPILE.xcodeproj]
  ignore line: [    builtin-create-build-directory /Users/andrewadmin/Projects/bingo/bingo_road/build_ios/CMakeFiles/CMakeScratch/TryCompile-87wKwa/build]
  ignore line: []
  ignore line: [CreateBuildDirectory /Users/andrewadmin/Projects/bingo/bingo_road/build_ios/CMakeFiles/CMakeScratch/TryCompile-87wKwa/Debug]
  ignore line: [    cd /Users/andrewadmin/Projects/bingo/bingo_road/build_ios/CMakeFiles/CMakeScratch/TryCompile-87wKwa/CMAKE_TRY_COMPILE.xcodeproj]
  ignore line: [    builtin-create-build-directory /Users/andrewadmin/Projects/bingo/bingo_road/build_ios/CMakeFiles/CMakeScratch/TryCompile-87wKwa/Debug]
  ignore line: []
  ignore line: [CreateBuildDirectory /Users/andrewadmin/Projects/bingo/bingo_road/build_ios/CMakeFiles/CMakeScratch/TryCompile-87wKwa/build/EagerLinkingTBDs]
  ignore line: [    cd /Users/andrewadmin/Projects/bingo/bingo_road/build_ios/CMakeFiles/CMakeScratch/TryCompile-87wKwa/CMAKE_TRY_COMPILE.xcodeproj]
  ignore line: [    builtin-create-build-directory /Users/andrewadmin/Projects/bingo/bingo_road/build_ios/CMakeFiles/CMakeScratch/TryCompile-87wKwa/build/EagerLinkingTBDs]
  ignore line: []
  ignore line: [WriteAuxiliaryFile /Users/andrewadmin/Projects/bingo/bingo_road/build_ios/CMakeFiles/CMakeScratch/TryCompile-87wKwa/build/cmTC_06a45.build/Debug-iphoneos/Objects-normal/arm64/cmTC_06a45.LinkFileList (in target 'cmTC_06a45' from project 'CMAKE_TRY_COMPILE')]
  ignore line: [    cd /Users/andrewadmin/Projects/bingo/bingo_road/build_ios/CMakeFiles/CMakeScratch/TryCompile-87wKwa]
  ignore line: [    write-file /Users/andrewadmin/Projects/bingo/bingo_road/build_ios/CMakeFiles/CMakeScratch/TryCompile-87wKwa/build/cmTC_06a45.build/Debug-iphoneos/Objects-normal/arm64/cmTC_06a45.LinkFileList]
  ignore line: []
  ignore line: [CompileC /Users/andrewadmin/Projects/bingo/bingo_road/build_ios/CMakeFiles/CMakeScratch/TryCompile-87wKwa/build/cmTC_06a45.build/Debug-iphoneos/Objects-normal/arm64/CMakeCXXCompilerABI.o /usr/local/Cellar/cmake/3.25.2/share/cmake/Modules/CMakeCXXCompilerABI.cpp normal arm64 c++ com.apple.compilers.llvm.clang.1_0.compiler (in target 'cmTC_06a45' from project 'CMAKE_TRY_COMPILE')]
  ignore line: [    cd /Users/andrewadmin/Projects/bingo/bingo_road/build_ios/CMakeFiles/CMakeScratch/TryCompile-87wKwa]
  ignore line: [    /Applications/Xcode.app/Contents/Developer/Toolchains/XcodeDefault.xctoolchain/usr/bin/clang -x c++ -target arm64-apple-ios16.1 -fmessage-length\=0 -fdiagnostics-show-note-include-stack -fmacro-backtrace-limit\=0 -Wno-trigraphs -fpascal-strings -O0 -Wno-missing-field-initializers -Wno-missing-prototypes -Wno-return-type -Wno-non-virtual-dtor -Wno-overloaded-virtual -Wno-exit-time-destructors -Wno-missing-braces -Wparentheses -Wswitch -Wno-unused-function -Wno-unused-label -Wno-unused-parameter -Wno-unused-variable -Wunused-value -Wno-empty-body -Wno-uninitialized -Wno-unknown-pragmas -Wno-shadow -Wno-four-char-constants -Wno-conversion -Wno-constant-conversion -Wno-int-conversion -Wno-bool-conversion -Wno-enum-conversion -Wno-float-conversion -Wno-non-literal-null-conversion -Wno-objc-literal-conversion -Wshorten-64-to-32 -Wno-newline-eof -Wno-c++11-extensions -Wno-implicit-fallthrough -DCMAKE_INTDIR\=\"Debug-iphoneos\" -isysroot /Applications/Xcode.app/Contents/Developer/Platforms/iPhoneOS.platform/Developer/SDKs/iPhoneOS16.1.sdk -fstrict-aliasing -Wdeprecated-declarations -Winvalid-offsetof -g -Wno-sign-conversion -Wno-infinite-recursion -Wno-move -Wno-comma -Wno-block-capture-autoreleasing -Wno-strict-prototypes -Wno-range-loop-analysis -Wno-semicolon-before-method-body -I/Users/andrewadmin/Projects/bingo/bingo_road/build_ios/CMakeFiles/CMakeScratch/TryCompile-87wKwa/Debug/include -I/Users/andrewadmin/Projects/bingo/bingo_road/build_ios/CMakeFiles/CMakeScratch/TryCompile-87wKwa/build/cmTC_06a45.build/Debug-iphoneos/DerivedSources-normal/arm64 -I/Users/andrewadmin/Projects/bingo/bingo_road/build_ios/CMakeFiles/CMakeScratch/TryCompile-87wKwa/build/cmTC_06a45.build/Debug-iphoneos/DerivedSources/arm64 -I/Users/andrewadmin/Projects/bingo/bingo_road/build_ios/CMakeFiles/CMakeScratch/TryCompile-87wKwa/build/cmTC_06a45.build/Debug-iphoneos/DerivedSources -F/Users/andrewadmin/Projects/bingo/bingo_road/build_ios/CMakeFiles/CMakeScratch/TryCompile-87wKwa/Debug -v -Wl -v -MMD -MT dependencies -MF /Users/andrewadmin/Projects/bingo/bingo_road/build_ios/CMakeFiles/CMakeScratch/TryCompile-87wKwa/build/cmTC_06a45.build/Debug-iphoneos/Objects-normal/arm64/CMakeCXXCompilerABI.d --serialize-diagnostics /Users/andrewadmin/Projects/bingo/bingo_road/build_ios/CMakeFiles/CMakeScratch/TryCompile-87wKwa/build/cmTC_06a45.build/Debug-iphoneos/Objects-normal/arm64/CMakeCXXCompilerABI.dia -c /usr/local/Cellar/cmake/3.25.2/share/cmake/Modules/CMakeCXXCompilerABI.cpp -o /Users/andrewadmin/Projects/bingo/bingo_road/build_ios/CMakeFiles/CMakeScratch/TryCompile-87wKwa/build/cmTC_06a45.build/Debug-iphoneos/Objects-normal/arm64/CMakeCXXCompilerABI.o]
  ignore line: [Apple clang version 14.0.0 (clang-1400.0.29.202)]
  ignore line: [Target: arm64-apple-ios16.1]
  ignore line: [Thread model: posix]
  ignore line: [InstalledDir: /Applications/Xcode.app/Contents/Developer/Toolchains/XcodeDefault.xctoolchain/usr/bin]
  ignore line: [clang: warning: -Wl -v: 'linker' input unused [-Wunused-command-line-argument]]
  ignore line: [ "/Applications/Xcode.app/Contents/Developer/Toolchains/XcodeDefault.xctoolchain/usr/bin/clang" -cc1 -triple arm64-apple-ios16.1.0 -Wundef-prefix=TARGET_OS_ -Wdeprecated-objc-isa-usage -Werror=deprecated-objc-isa-usage -Werror=implicit-function-declaration -emit-obj -mrelax-all --mrelax-relocations -disable-free -clear-ast-before-backend -disable-llvm-verifier -discard-value-names -main-file-name CMakeCXXCompilerABI.cpp -mrelocation-model pic -pic-level 2 -mframe-pointer=non-leaf -fno-strict-return -fno-rounding-math -funwind-tables=2 -fobjc-msgsend-selector-stubs -target-sdk-version=16.1 -fvisibility-inlines-hidden-static-local-var -target-cpu apple-a7 -target-feature +fp-armv8 -target-feature +neon -target-feature +crypto -target-feature +zcm -target-feature +zcz -target-feature +sha2 -target-feature +aes -target-abi darwinpcs -fallow-half-arguments-and-returns -debug-info-kind=standalone -dwarf-version=4 -debugger-tuning=lldb -target-linker-version 820.1 -v -resource-dir /Applications/Xcode.app/Contents/Developer/Toolchains/XcodeDefault.xctoolchain/usr/lib/clang/14.0.0 -dependency-file /Users/andrewadmin/Projects/bingo/bingo_road/build_ios/CMakeFiles/CMakeScratch/TryCompile-87wKwa/build/cmTC_06a45.build/Debug-iphoneos/Objects-normal/arm64/CMakeCXXCompilerABI.d -skip-unused-modulemap-deps -MT dependencies -isysroot /Applications/Xcode.app/Contents/Developer/Platforms/iPhoneOS.platform/Developer/SDKs/iPhoneOS16.1.sdk -D "CMAKE_INTDIR=\"Debug-iphoneos\"" -I /Users/andrewadmin/Projects/bingo/bingo_road/build_ios/CMakeFiles/CMakeScratch/TryCompile-87wKwa/Debug/include -I /Users/andrewadmin/Projects/bingo/bingo_road/build_ios/CMakeFiles/CMakeScratch/TryCompile-87wKwa/build/cmTC_06a45.build/Debug-iphoneos/DerivedSources-normal/arm64 -I /Users/andrewadmin/Projects/bingo/bingo_road/build_ios/CMakeFiles/CMakeScratch/TryCompile-87wKwa/build/cmTC_06a45.build/Debug-iphoneos/DerivedSources/arm64 -I /Users/andrewadmin/Projects/bingo/bingo_road/build_ios/CMakeFiles/CMakeScratch/TryCompile-87wKwa/build/cmTC_06a45.build/Debug-iphoneos/DerivedSources -F/Users/andrewadmin/Projects/bingo/bingo_road/build_ios/CMakeFiles/CMakeScratch/TryCompile-87wKwa/Debug -stdlib=libc++ -internal-isystem /Applications/Xcode.app/Contents/Developer/Platforms/iPhoneOS.platform/Developer/SDKs/iPhoneOS16.1.sdk/usr/include/c++/v1 -internal-isystem /Applications/Xcode.app/Contents/Developer/Platforms/iPhoneOS.platform/Developer/SDKs/iPhoneOS16.1.sdk/usr/local/include -internal-isystem /Applications/Xcode.app/Contents/Developer/Toolchains/XcodeDefault.xctoolchain/usr/lib/clang/14.0.0/include -internal-externc-isystem /Applications/Xcode.app/Contents/Developer/Platforms/iPhoneOS.platform/Developer/SDKs/iPhoneOS16.1.sdk/usr/include -internal-externc-isystem /Applications/Xcode.app/Contents/Developer/Toolchains/XcodeDefault.xctoolchain/usr/include -O0 -Wno-trigraphs -Wno-missing-field-initializers -Wno-missing-prototypes -Wno-return-type -Wno-non-virtual-dtor -Wno-overloaded-virtual -Wno-exit-time-destructors -Wno-missing-braces -Wparentheses -Wswitch -Wno-unused-function -Wno-unused-label -Wno-unused-parameter -Wno-unused-variable -Wunused-value -Wno-empty-body -Wno-uninitialized -Wno-unknown-pragmas -Wno-shadow -Wno-four-char-constants -Wno-conversion -Wno-constant-conversion -Wno-int-conversion -Wno-bool-conversion -Wno-enum-conversion -Wno-float-conversion -Wno-non-literal-null-conversion -Wno-objc-literal-conversion -Wshorten-64-to-32 -Wno-newline-eof -Wno-c++11-extensions -Wno-implicit-fallthrough -Wdeprecated-declarations -Winvalid-offsetof -Wno-sign-conversion -Wno-infinite-recursion -Wno-move -Wno-comma -Wno-block-capture-autoreleasing -Wno-strict-prototypes -Wno-range-loop-analysis -Wno-semicolon-before-method-body -Wno-reorder-init-list -Wno-implicit-int-float-conversion -Wno-c99-designator -Wno-final-dtor-non-final-class -Wno-extra-semi-stmt -Wno-misleading-indentation -Wno-quoted-include-in-framework-header -Wno-implicit-fallthrough -Wno-enum-enum-conversion -Wno-enum-float-conversion -Wno-elaborated-enum-base -Wno-reserved-identifier -Wno-gnu-folding-constant -Wno-cast-function-type -Wno-bitwise-instead-of-logical -fdeprecated-macro -fdebug-compilation-dir=/Users/andrewadmin/Projects/bingo/bingo_road/build_ios/CMakeFiles/CMakeScratch/TryCompile-87wKwa -ferror-limit 19 -fmacro-backtrace-limit 0 -stack-protector 1 -fstack-check -mdarwin-stkchk-strong-link -fblocks -fencode-extended-block-signature -fregister-global-dtors-with-atexit -fgnuc-version=4.2.1 -fno-cxx-modules -fcxx-exceptions -fexceptions -fpascal-strings -fmax-type-align=16 -fcommon -fdiagnostics-show-note-include-stack -serialize-diagnostic-file /Users/andrewadmin/Projects/bingo/bingo_road/build_ios/CMakeFiles/CMakeScratch/TryCompile-87wKwa/build/cmTC_06a45.build/Debug-iphoneos/Objects-normal/arm64/CMakeCXXCompilerABI.dia -clang-vendor-feature=+messageToSelfInClassMethodIdReturnType -clang-vendor-feature=+disableInferNewAvailabilityFromInit -clang-vendor-feature=+disableNonDependentMemberExprInCurrentInstantiation -fno-odr-hash-protocols -clang-vendor-feature=+enableAggressiveVLAFolding -clang-vendor-feature=+revert09abecef7bbf -clang-vendor-feature=+thisNoAlignAttr -clang-vendor-feature=+thisNoNullAttr -mllvm -disable-aligned-alloc-awareness=1 -D__GCC_HAVE_DWARF2_CFI_ASM=1 -o /Users/andrewadmin/Projects/bingo/bingo_road/build_ios/CMakeFiles/CMakeScratch/TryCompile-87wKwa/build/cmTC_06a45.build/Debug-iphoneos/Objects-normal/arm64/CMakeCXXCompilerABI.o -x c++ /usr/local/Cellar/cmake/3.25.2/share/cmake/Modules/CMakeCXXCompilerABI.cpp]
  ignore line: [clang -cc1 version 14.0.0 (clang-1400.0.29.202) default target x86_64-apple-darwin21.6.0]
  ignore line: [ignoring nonexistent directory "/Users/andrewadmin/Projects/bingo/bingo_road/build_ios/CMakeFiles/CMakeScratch/TryCompile-87wKwa/Debug/include"]
  ignore line: [ignoring nonexistent directory "/Users/andrewadmin/Projects/bingo/bingo_road/build_ios/CMakeFiles/CMakeScratch/TryCompile-87wKwa/build/cmTC_06a45.build/Debug-iphoneos/DerivedSources-normal/arm64"]
  ignore line: [ignoring nonexistent directory "/Users/andrewadmin/Projects/bingo/bingo_road/build_ios/CMakeFiles/CMakeScratch/TryCompile-87wKwa/build/cmTC_06a45.build/Debug-iphoneos/DerivedSources/arm64"]
  ignore line: [ignoring nonexistent directory "/Users/andrewadmin/Projects/bingo/bingo_road/build_ios/CMakeFiles/CMakeScratch/TryCompile-87wKwa/build/cmTC_06a45.build/Debug-iphoneos/DerivedSources"]
  ignore line: [ignoring nonexistent directory "/Applications/Xcode.app/Contents/Developer/Platforms/iPhoneOS.platform/Developer/SDKs/iPhoneOS16.1.sdk/usr/local/include"]
  ignore line: [ignoring nonexistent directory "/Applications/Xcode.app/Contents/Developer/Platforms/iPhoneOS.platform/Developer/SDKs/iPhoneOS16.1.sdk/Library/Frameworks"]
  ignore line: [#include "..." search starts here:]
  ignore line: [#include <...> search starts here:]
  ignore line: [ /Users/andrewadmin/Projects/bingo/bingo_road/build_ios/CMakeFiles/CMakeScratch/TryCompile-87wKwa/Debug (framework directory)]
  ignore line: [ /Applications/Xcode.app/Contents/Developer/Platforms/iPhoneOS.platform/Developer/SDKs/iPhoneOS16.1.sdk/usr/include/c++/v1]
  ignore line: [ /Applications/Xcode.app/Contents/Developer/Toolchains/XcodeDefault.xctoolchain/usr/lib/clang/14.0.0/include]
  ignore line: [ /Applications/Xcode.app/Contents/Developer/Platforms/iPhoneOS.platform/Developer/SDKs/iPhoneOS16.1.sdk/usr/include]
  ignore line: [ /Applications/Xcode.app/Contents/Developer/Toolchains/XcodeDefault.xctoolchain/usr/include]
  ignore line: [ /Applications/Xcode.app/Contents/Developer/Platforms/iPhoneOS.platform/Developer/SDKs/iPhoneOS16.1.sdk/System/Library/Frameworks (framework directory)]
  ignore line: [End of search list.]
  ignore line: []
  ignore line: [Libtool /Users/andrewadmin/Projects/bingo/bingo_road/build_ios/CMakeFiles/CMakeScratch/TryCompile-87wKwa/Debug/libcmTC_06a45.a normal (in target 'cmTC_06a45' from project 'CMAKE_TRY_COMPILE')]
  ignore line: [    cd /Users/andrewadmin/Projects/bingo/bingo_road/build_ios/CMakeFiles/CMakeScratch/TryCompile-87wKwa]
  ignore line: [    /Applications/Xcode.app/Contents/Developer/Toolchains/XcodeDefault.xctoolchain/usr/bin/libtool -static -arch_only arm64 -D -syslibroot /Applications/Xcode.app/Contents/Developer/Platforms/iPhoneOS.platform/Developer/SDKs/iPhoneOS16.1.sdk -L/Users/andrewadmin/Projects/bingo/bingo_road/build_ios/CMakeFiles/CMakeScratch/TryCompile-87wKwa/Debug -filelist /Users/andrewadmin/Projects/bingo/bingo_road/build_ios/CMakeFiles/CMakeScratch/TryCompile-87wKwa/build/cmTC_06a45.build/Debug-iphoneos/Objects-normal/arm64/cmTC_06a45.LinkFileList -dependency_info /Users/andrewadmin/Projects/bingo/bingo_road/build_ios/CMakeFiles/CMakeScratch/TryCompile-87wKwa/build/cmTC_06a45.build/Debug-iphoneos/Objects-normal/arm64/cmTC_06a45_libtool_dependency_info.dat -o /Users/andrewadmin/Projects/bingo/bingo_road/build_ios/CMakeFiles/CMakeScratch/TryCompile-87wKwa/Debug/libcmTC_06a45.a]
  ignore line: []
  ignore line: [** BUILD SUCCEEDED **]
  ignore line: []
  ignore line: []
  ignore line: []
  implicit libs: []
  implicit objs: []
  implicit dirs: []
  implicit fwks: []


